[2024-11-16T11:40:26.290+0000] {processor.py:186} INFO - Started process (PID=200) to work on /opt/airflow/dags/air_price_pred_dag.py
[2024-11-16T11:40:26.294+0000] {processor.py:914} INFO - Processing file /opt/airflow/dags/air_price_pred_dag.py for tasks to queue
[2024-11-16T11:40:26.301+0000] {logging_mixin.py:190} INFO - [2024-11-16T11:40:26.300+0000] {dagbag.py:587} INFO - Filling up the DagBag from /opt/airflow/dags/air_price_pred_dag.py
[2024-11-16T11:40:26.337+0000] {processor.py:925} INFO - DAG(s) 'airbnb_model' retrieved from /opt/airflow/dags/air_price_pred_dag.py
[2024-11-16T11:40:26.695+0000] {logging_mixin.py:190} INFO - [2024-11-16T11:40:26.693+0000] {override.py:1900} INFO - Created Permission View: can read on DAG:airbnb_model
[2024-11-16T11:40:26.722+0000] {logging_mixin.py:190} INFO - [2024-11-16T11:40:26.721+0000] {override.py:1900} INFO - Created Permission View: can delete on DAG:airbnb_model
[2024-11-16T11:40:26.733+0000] {logging_mixin.py:190} INFO - [2024-11-16T11:40:26.733+0000] {override.py:1900} INFO - Created Permission View: can edit on DAG:airbnb_model
[2024-11-16T11:40:26.752+0000] {logging_mixin.py:190} INFO - [2024-11-16T11:40:26.751+0000] {override.py:1900} INFO - Created Permission View: can read on DAG Run:airbnb_model
[2024-11-16T11:40:26.759+0000] {logging_mixin.py:190} INFO - [2024-11-16T11:40:26.759+0000] {override.py:1900} INFO - Created Permission View: can delete on DAG Run:airbnb_model
[2024-11-16T11:40:26.770+0000] {logging_mixin.py:190} INFO - [2024-11-16T11:40:26.769+0000] {override.py:1900} INFO - Created Permission View: menu access on DAG Run:airbnb_model
[2024-11-16T11:40:26.778+0000] {logging_mixin.py:190} INFO - [2024-11-16T11:40:26.778+0000] {override.py:1900} INFO - Created Permission View: can create on DAG Run:airbnb_model
[2024-11-16T11:40:26.780+0000] {logging_mixin.py:190} INFO - [2024-11-16T11:40:26.779+0000] {dag.py:3229} INFO - Sync 1 DAGs
[2024-11-16T11:40:26.822+0000] {logging_mixin.py:190} INFO - [2024-11-16T11:40:26.822+0000] {dag.py:3252} INFO - Creating ORM DAG for airbnb_model
[2024-11-16T11:40:26.838+0000] {logging_mixin.py:190} INFO - [2024-11-16T11:40:26.837+0000] {dag.py:4156} INFO - Setting next_dagrun for airbnb_model to 2024-11-15 00:00:00+00:00, run_after=2024-11-16 00:00:00+00:00
[2024-11-16T11:40:26.922+0000] {processor.py:208} INFO - Processing /opt/airflow/dags/air_price_pred_dag.py took 0.647 seconds
[2024-11-16T11:40:57.417+0000] {processor.py:186} INFO - Started process (PID=231) to work on /opt/airflow/dags/air_price_pred_dag.py
[2024-11-16T11:40:57.419+0000] {processor.py:914} INFO - Processing file /opt/airflow/dags/air_price_pred_dag.py for tasks to queue
[2024-11-16T11:40:57.423+0000] {logging_mixin.py:190} INFO - [2024-11-16T11:40:57.422+0000] {dagbag.py:587} INFO - Filling up the DagBag from /opt/airflow/dags/air_price_pred_dag.py
[2024-11-16T11:40:57.443+0000] {processor.py:925} INFO - DAG(s) 'airbnb_model' retrieved from /opt/airflow/dags/air_price_pred_dag.py
[2024-11-16T11:40:57.469+0000] {logging_mixin.py:190} INFO - [2024-11-16T11:40:57.468+0000] {dag.py:3229} INFO - Sync 1 DAGs
[2024-11-16T11:40:57.485+0000] {logging_mixin.py:190} INFO - [2024-11-16T11:40:57.485+0000] {dag.py:4156} INFO - Setting next_dagrun for airbnb_model to 2024-11-15 00:00:00+00:00, run_after=2024-11-16 00:00:00+00:00
[2024-11-16T11:40:57.505+0000] {processor.py:208} INFO - Processing /opt/airflow/dags/air_price_pred_dag.py took 0.094 seconds
[2024-11-16T11:41:28.459+0000] {processor.py:186} INFO - Started process (PID=262) to work on /opt/airflow/dags/air_price_pred_dag.py
[2024-11-16T11:41:28.461+0000] {processor.py:914} INFO - Processing file /opt/airflow/dags/air_price_pred_dag.py for tasks to queue
[2024-11-16T11:41:28.465+0000] {logging_mixin.py:190} INFO - [2024-11-16T11:41:28.464+0000] {dagbag.py:587} INFO - Filling up the DagBag from /opt/airflow/dags/air_price_pred_dag.py
[2024-11-16T11:41:28.474+0000] {processor.py:925} INFO - DAG(s) 'airbnb_model' retrieved from /opt/airflow/dags/air_price_pred_dag.py
[2024-11-16T11:41:28.499+0000] {logging_mixin.py:190} INFO - [2024-11-16T11:41:28.498+0000] {dag.py:3229} INFO - Sync 1 DAGs
[2024-11-16T11:41:28.521+0000] {logging_mixin.py:190} INFO - [2024-11-16T11:41:28.521+0000] {dag.py:4156} INFO - Setting next_dagrun for airbnb_model to 2024-11-15 00:00:00+00:00, run_after=2024-11-16 00:00:00+00:00
[2024-11-16T11:41:28.538+0000] {processor.py:208} INFO - Processing /opt/airflow/dags/air_price_pred_dag.py took 0.085 seconds
[2024-11-16T11:41:59.803+0000] {processor.py:186} INFO - Started process (PID=293) to work on /opt/airflow/dags/air_price_pred_dag.py
[2024-11-16T11:41:59.804+0000] {processor.py:914} INFO - Processing file /opt/airflow/dags/air_price_pred_dag.py for tasks to queue
[2024-11-16T11:41:59.805+0000] {logging_mixin.py:190} INFO - [2024-11-16T11:41:59.805+0000] {dagbag.py:587} INFO - Filling up the DagBag from /opt/airflow/dags/air_price_pred_dag.py
[2024-11-16T11:41:59.854+0000] {processor.py:925} INFO - DAG(s) 'airbnb_model' retrieved from /opt/airflow/dags/air_price_pred_dag.py
[2024-11-16T11:41:59.903+0000] {logging_mixin.py:190} INFO - [2024-11-16T11:41:59.902+0000] {dag.py:3229} INFO - Sync 1 DAGs
[2024-11-16T11:41:59.926+0000] {logging_mixin.py:190} INFO - [2024-11-16T11:41:59.926+0000] {dag.py:4156} INFO - Setting next_dagrun for airbnb_model to 2024-11-15 00:00:00+00:00, run_after=2024-11-16 00:00:00+00:00
[2024-11-16T11:41:59.947+0000] {processor.py:208} INFO - Processing /opt/airflow/dags/air_price_pred_dag.py took 0.148 seconds
[2024-11-16T11:42:31.084+0000] {processor.py:186} INFO - Started process (PID=324) to work on /opt/airflow/dags/air_price_pred_dag.py
[2024-11-16T11:42:31.086+0000] {processor.py:914} INFO - Processing file /opt/airflow/dags/air_price_pred_dag.py for tasks to queue
[2024-11-16T11:42:31.089+0000] {logging_mixin.py:190} INFO - [2024-11-16T11:42:31.089+0000] {dagbag.py:587} INFO - Filling up the DagBag from /opt/airflow/dags/air_price_pred_dag.py
[2024-11-16T11:42:31.119+0000] {processor.py:925} INFO - DAG(s) 'airbnb_model' retrieved from /opt/airflow/dags/air_price_pred_dag.py
[2024-11-16T11:42:31.156+0000] {logging_mixin.py:190} INFO - [2024-11-16T11:42:31.155+0000] {dag.py:3229} INFO - Sync 1 DAGs
[2024-11-16T11:42:31.217+0000] {logging_mixin.py:190} INFO - [2024-11-16T11:42:31.217+0000] {dag.py:4156} INFO - Setting next_dagrun for airbnb_model to 2024-11-15 00:00:00+00:00, run_after=2024-11-16 00:00:00+00:00
[2024-11-16T11:42:31.250+0000] {processor.py:208} INFO - Processing /opt/airflow/dags/air_price_pred_dag.py took 0.173 seconds
[2024-11-16T11:43:02.583+0000] {processor.py:186} INFO - Started process (PID=355) to work on /opt/airflow/dags/air_price_pred_dag.py
[2024-11-16T11:43:02.586+0000] {processor.py:914} INFO - Processing file /opt/airflow/dags/air_price_pred_dag.py for tasks to queue
[2024-11-16T11:43:02.591+0000] {logging_mixin.py:190} INFO - [2024-11-16T11:43:02.590+0000] {dagbag.py:587} INFO - Filling up the DagBag from /opt/airflow/dags/air_price_pred_dag.py
[2024-11-16T11:43:02.605+0000] {processor.py:925} INFO - DAG(s) 'airbnb_model' retrieved from /opt/airflow/dags/air_price_pred_dag.py
[2024-11-16T11:43:02.626+0000] {logging_mixin.py:190} INFO - [2024-11-16T11:43:02.626+0000] {dag.py:3229} INFO - Sync 1 DAGs
[2024-11-16T11:43:02.654+0000] {logging_mixin.py:190} INFO - [2024-11-16T11:43:02.654+0000] {dag.py:4156} INFO - Setting next_dagrun for airbnb_model to 2024-11-15 00:00:00+00:00, run_after=2024-11-16 00:00:00+00:00
[2024-11-16T11:43:02.667+0000] {processor.py:208} INFO - Processing /opt/airflow/dags/air_price_pred_dag.py took 0.094 seconds
[2024-11-16T11:43:34.044+0000] {processor.py:186} INFO - Started process (PID=386) to work on /opt/airflow/dags/air_price_pred_dag.py
[2024-11-16T11:43:34.046+0000] {processor.py:914} INFO - Processing file /opt/airflow/dags/air_price_pred_dag.py for tasks to queue
[2024-11-16T11:43:34.051+0000] {logging_mixin.py:190} INFO - [2024-11-16T11:43:34.051+0000] {dagbag.py:587} INFO - Filling up the DagBag from /opt/airflow/dags/air_price_pred_dag.py
[2024-11-16T11:43:34.111+0000] {processor.py:925} INFO - DAG(s) 'airbnb_model' retrieved from /opt/airflow/dags/air_price_pred_dag.py
[2024-11-16T11:43:34.233+0000] {logging_mixin.py:190} INFO - [2024-11-16T11:43:34.232+0000] {dag.py:3229} INFO - Sync 1 DAGs
[2024-11-16T11:43:34.276+0000] {logging_mixin.py:190} INFO - [2024-11-16T11:43:34.276+0000] {dag.py:4156} INFO - Setting next_dagrun for airbnb_model to 2024-11-15 00:00:00+00:00, run_after=2024-11-16 00:00:00+00:00
[2024-11-16T11:43:34.303+0000] {processor.py:208} INFO - Processing /opt/airflow/dags/air_price_pred_dag.py took 0.270 seconds
[2024-11-16T11:44:04.920+0000] {processor.py:186} INFO - Started process (PID=417) to work on /opt/airflow/dags/air_price_pred_dag.py
[2024-11-16T11:44:04.924+0000] {processor.py:914} INFO - Processing file /opt/airflow/dags/air_price_pred_dag.py for tasks to queue
[2024-11-16T11:44:04.926+0000] {logging_mixin.py:190} INFO - [2024-11-16T11:44:04.926+0000] {dagbag.py:587} INFO - Filling up the DagBag from /opt/airflow/dags/air_price_pred_dag.py
[2024-11-16T11:44:04.934+0000] {processor.py:925} INFO - DAG(s) 'airbnb_model' retrieved from /opt/airflow/dags/air_price_pred_dag.py
[2024-11-16T11:44:04.949+0000] {logging_mixin.py:190} INFO - [2024-11-16T11:44:04.949+0000] {dag.py:3229} INFO - Sync 1 DAGs
[2024-11-16T11:44:04.959+0000] {logging_mixin.py:190} INFO - [2024-11-16T11:44:04.959+0000] {dag.py:4156} INFO - Setting next_dagrun for airbnb_model to 2024-11-15 00:00:00+00:00, run_after=2024-11-16 00:00:00+00:00
[2024-11-16T11:44:04.967+0000] {processor.py:208} INFO - Processing /opt/airflow/dags/air_price_pred_dag.py took 0.050 seconds
[2024-11-16T11:44:39.477+0000] {processor.py:186} INFO - Started process (PID=448) to work on /opt/airflow/dags/air_price_pred_dag.py
[2024-11-16T11:44:39.479+0000] {processor.py:914} INFO - Processing file /opt/airflow/dags/air_price_pred_dag.py for tasks to queue
[2024-11-16T11:44:39.527+0000] {logging_mixin.py:190} INFO - [2024-11-16T11:44:39.525+0000] {dagbag.py:587} INFO - Filling up the DagBag from /opt/airflow/dags/air_price_pred_dag.py
[2024-11-16T11:44:39.594+0000] {processor.py:925} INFO - DAG(s) 'airbnb_model' retrieved from /opt/airflow/dags/air_price_pred_dag.py
[2024-11-16T11:44:39.754+0000] {logging_mixin.py:190} INFO - [2024-11-16T11:44:39.753+0000] {dag.py:3229} INFO - Sync 1 DAGs
[2024-11-16T11:44:39.800+0000] {logging_mixin.py:190} INFO - [2024-11-16T11:44:39.800+0000] {dag.py:4156} INFO - Setting next_dagrun for airbnb_model to 2024-11-15 00:00:00+00:00, run_after=2024-11-16 00:00:00+00:00
[2024-11-16T11:44:40.701+0000] {processor.py:208} INFO - Processing /opt/airflow/dags/air_price_pred_dag.py took 1.244 seconds
[2024-11-16T11:45:11.815+0000] {processor.py:186} INFO - Started process (PID=478) to work on /opt/airflow/dags/air_price_pred_dag.py
[2024-11-16T11:45:11.820+0000] {processor.py:914} INFO - Processing file /opt/airflow/dags/air_price_pred_dag.py for tasks to queue
[2024-11-16T11:45:11.842+0000] {logging_mixin.py:190} INFO - [2024-11-16T11:45:11.835+0000] {dagbag.py:587} INFO - Filling up the DagBag from /opt/airflow/dags/air_price_pred_dag.py
[2024-11-16T11:45:11.917+0000] {processor.py:925} INFO - DAG(s) 'airbnb_model' retrieved from /opt/airflow/dags/air_price_pred_dag.py
[2024-11-16T11:45:12.014+0000] {logging_mixin.py:190} INFO - [2024-11-16T11:45:12.013+0000] {dag.py:3229} INFO - Sync 1 DAGs
[2024-11-16T11:45:12.568+0000] {logging_mixin.py:190} INFO - [2024-11-16T11:45:12.567+0000] {dag.py:4156} INFO - Setting next_dagrun for airbnb_model to 2024-11-15 00:00:00+00:00, run_after=2024-11-16 00:00:00+00:00
[2024-11-16T11:45:12.602+0000] {processor.py:208} INFO - Processing /opt/airflow/dags/air_price_pred_dag.py took 0.804 seconds
[2024-11-16T11:45:43.553+0000] {processor.py:186} INFO - Started process (PID=510) to work on /opt/airflow/dags/air_price_pred_dag.py
[2024-11-16T11:45:43.554+0000] {processor.py:914} INFO - Processing file /opt/airflow/dags/air_price_pred_dag.py for tasks to queue
[2024-11-16T11:45:43.555+0000] {logging_mixin.py:190} INFO - [2024-11-16T11:45:43.555+0000] {dagbag.py:587} INFO - Filling up the DagBag from /opt/airflow/dags/air_price_pred_dag.py
[2024-11-16T11:45:43.579+0000] {processor.py:925} INFO - DAG(s) 'airbnb_model' retrieved from /opt/airflow/dags/air_price_pred_dag.py
[2024-11-16T11:45:44.512+0000] {logging_mixin.py:190} INFO - [2024-11-16T11:45:44.509+0000] {dag.py:3229} INFO - Sync 1 DAGs
[2024-11-16T11:45:44.557+0000] {logging_mixin.py:190} INFO - [2024-11-16T11:45:44.557+0000] {dag.py:4156} INFO - Setting next_dagrun for airbnb_model to 2024-11-15 00:00:00+00:00, run_after=2024-11-16 00:00:00+00:00
[2024-11-16T11:45:44.586+0000] {processor.py:208} INFO - Processing /opt/airflow/dags/air_price_pred_dag.py took 1.038 seconds
[2024-11-16T11:46:15.214+0000] {processor.py:186} INFO - Started process (PID=540) to work on /opt/airflow/dags/air_price_pred_dag.py
[2024-11-16T11:46:15.216+0000] {processor.py:914} INFO - Processing file /opt/airflow/dags/air_price_pred_dag.py for tasks to queue
[2024-11-16T11:46:15.226+0000] {logging_mixin.py:190} INFO - [2024-11-16T11:46:15.225+0000] {dagbag.py:587} INFO - Filling up the DagBag from /opt/airflow/dags/air_price_pred_dag.py
[2024-11-16T11:46:15.852+0000] {processor.py:925} INFO - DAG(s) 'airbnb_model' retrieved from /opt/airflow/dags/air_price_pred_dag.py
[2024-11-16T11:46:15.914+0000] {logging_mixin.py:190} INFO - [2024-11-16T11:46:15.914+0000] {dag.py:3229} INFO - Sync 1 DAGs
[2024-11-16T11:46:15.947+0000] {logging_mixin.py:190} INFO - [2024-11-16T11:46:15.946+0000] {dag.py:4156} INFO - Setting next_dagrun for airbnb_model to 2024-11-15 00:00:00+00:00, run_after=2024-11-16 00:00:00+00:00
[2024-11-16T11:46:15.971+0000] {processor.py:208} INFO - Processing /opt/airflow/dags/air_price_pred_dag.py took 0.766 seconds
[2024-11-16T11:46:46.709+0000] {processor.py:186} INFO - Started process (PID=572) to work on /opt/airflow/dags/air_price_pred_dag.py
[2024-11-16T11:46:46.712+0000] {processor.py:914} INFO - Processing file /opt/airflow/dags/air_price_pred_dag.py for tasks to queue
[2024-11-16T11:46:46.717+0000] {logging_mixin.py:190} INFO - [2024-11-16T11:46:46.717+0000] {dagbag.py:587} INFO - Filling up the DagBag from /opt/airflow/dags/air_price_pred_dag.py
[2024-11-16T11:46:46.733+0000] {processor.py:925} INFO - DAG(s) 'airbnb_model' retrieved from /opt/airflow/dags/air_price_pred_dag.py
[2024-11-16T11:46:46.764+0000] {logging_mixin.py:190} INFO - [2024-11-16T11:46:46.764+0000] {dag.py:3229} INFO - Sync 1 DAGs
[2024-11-16T11:46:46.784+0000] {logging_mixin.py:190} INFO - [2024-11-16T11:46:46.783+0000] {dag.py:4156} INFO - Setting next_dagrun for airbnb_model to 2024-11-15 00:00:00+00:00, run_after=2024-11-16 00:00:00+00:00
[2024-11-16T11:46:46.799+0000] {processor.py:208} INFO - Processing /opt/airflow/dags/air_price_pred_dag.py took 0.098 seconds
[2024-11-16T11:47:17.683+0000] {processor.py:186} INFO - Started process (PID=602) to work on /opt/airflow/dags/air_price_pred_dag.py
[2024-11-16T11:47:17.684+0000] {processor.py:914} INFO - Processing file /opt/airflow/dags/air_price_pred_dag.py for tasks to queue
[2024-11-16T11:47:17.700+0000] {logging_mixin.py:190} INFO - [2024-11-16T11:47:17.697+0000] {dagbag.py:587} INFO - Filling up the DagBag from /opt/airflow/dags/air_price_pred_dag.py
[2024-11-16T11:47:17.727+0000] {processor.py:925} INFO - DAG(s) 'airbnb_model' retrieved from /opt/airflow/dags/air_price_pred_dag.py
[2024-11-16T11:47:17.789+0000] {logging_mixin.py:190} INFO - [2024-11-16T11:47:17.789+0000] {dag.py:3229} INFO - Sync 1 DAGs
[2024-11-16T11:47:17.812+0000] {logging_mixin.py:190} INFO - [2024-11-16T11:47:17.812+0000] {dag.py:4156} INFO - Setting next_dagrun for airbnb_model to 2024-11-15 00:00:00+00:00, run_after=2024-11-16 00:00:00+00:00
[2024-11-16T11:47:17.826+0000] {processor.py:208} INFO - Processing /opt/airflow/dags/air_price_pred_dag.py took 0.150 seconds
[2024-11-16T11:47:48.482+0000] {processor.py:186} INFO - Started process (PID=633) to work on /opt/airflow/dags/air_price_pred_dag.py
[2024-11-16T11:47:48.484+0000] {processor.py:914} INFO - Processing file /opt/airflow/dags/air_price_pred_dag.py for tasks to queue
[2024-11-16T11:47:48.489+0000] {logging_mixin.py:190} INFO - [2024-11-16T11:47:48.489+0000] {dagbag.py:587} INFO - Filling up the DagBag from /opt/airflow/dags/air_price_pred_dag.py
[2024-11-16T11:47:48.530+0000] {processor.py:925} INFO - DAG(s) 'airbnb_model' retrieved from /opt/airflow/dags/air_price_pred_dag.py
[2024-11-16T11:47:48.686+0000] {logging_mixin.py:190} INFO - [2024-11-16T11:47:48.685+0000] {dag.py:3229} INFO - Sync 1 DAGs
[2024-11-16T11:47:48.728+0000] {logging_mixin.py:190} INFO - [2024-11-16T11:47:48.727+0000] {dag.py:4156} INFO - Setting next_dagrun for airbnb_model to 2024-11-15 00:00:00+00:00, run_after=2024-11-16 00:00:00+00:00
[2024-11-16T11:47:48.749+0000] {processor.py:208} INFO - Processing /opt/airflow/dags/air_price_pred_dag.py took 0.284 seconds
[2024-11-16T11:48:19.309+0000] {processor.py:186} INFO - Started process (PID=664) to work on /opt/airflow/dags/air_price_pred_dag.py
[2024-11-16T11:48:19.311+0000] {processor.py:914} INFO - Processing file /opt/airflow/dags/air_price_pred_dag.py for tasks to queue
[2024-11-16T11:48:19.323+0000] {logging_mixin.py:190} INFO - [2024-11-16T11:48:19.318+0000] {dagbag.py:587} INFO - Filling up the DagBag from /opt/airflow/dags/air_price_pred_dag.py
[2024-11-16T11:48:19.360+0000] {processor.py:925} INFO - DAG(s) 'airbnb_model' retrieved from /opt/airflow/dags/air_price_pred_dag.py
[2024-11-16T11:48:19.417+0000] {logging_mixin.py:190} INFO - [2024-11-16T11:48:19.416+0000] {dag.py:3229} INFO - Sync 1 DAGs
[2024-11-16T11:48:19.438+0000] {logging_mixin.py:190} INFO - [2024-11-16T11:48:19.437+0000] {dag.py:4156} INFO - Setting next_dagrun for airbnb_model to 2024-11-15 00:00:00+00:00, run_after=2024-11-16 00:00:00+00:00
[2024-11-16T11:48:19.456+0000] {processor.py:208} INFO - Processing /opt/airflow/dags/air_price_pred_dag.py took 0.155 seconds
[2024-11-16T11:48:50.356+0000] {processor.py:186} INFO - Started process (PID=694) to work on /opt/airflow/dags/air_price_pred_dag.py
[2024-11-16T11:48:50.368+0000] {processor.py:914} INFO - Processing file /opt/airflow/dags/air_price_pred_dag.py for tasks to queue
[2024-11-16T11:48:50.382+0000] {logging_mixin.py:190} INFO - [2024-11-16T11:48:50.381+0000] {dagbag.py:587} INFO - Filling up the DagBag from /opt/airflow/dags/air_price_pred_dag.py
[2024-11-16T11:48:50.403+0000] {processor.py:925} INFO - DAG(s) 'airbnb_model' retrieved from /opt/airflow/dags/air_price_pred_dag.py
[2024-11-16T11:48:50.457+0000] {logging_mixin.py:190} INFO - [2024-11-16T11:48:50.457+0000] {dag.py:3229} INFO - Sync 1 DAGs
[2024-11-16T11:48:50.478+0000] {logging_mixin.py:190} INFO - [2024-11-16T11:48:50.478+0000] {dag.py:4156} INFO - Setting next_dagrun for airbnb_model to 2024-11-15 00:00:00+00:00, run_after=2024-11-16 00:00:00+00:00
[2024-11-16T11:48:50.491+0000] {processor.py:208} INFO - Processing /opt/airflow/dags/air_price_pred_dag.py took 0.153 seconds
[2024-11-16T11:49:21.565+0000] {processor.py:186} INFO - Started process (PID=725) to work on /opt/airflow/dags/air_price_pred_dag.py
[2024-11-16T11:49:21.572+0000] {processor.py:914} INFO - Processing file /opt/airflow/dags/air_price_pred_dag.py for tasks to queue
[2024-11-16T11:49:21.578+0000] {logging_mixin.py:190} INFO - [2024-11-16T11:49:21.578+0000] {dagbag.py:587} INFO - Filling up the DagBag from /opt/airflow/dags/air_price_pred_dag.py
[2024-11-16T11:49:21.597+0000] {processor.py:925} INFO - DAG(s) 'airbnb_model' retrieved from /opt/airflow/dags/air_price_pred_dag.py
[2024-11-16T11:49:21.651+0000] {logging_mixin.py:190} INFO - [2024-11-16T11:49:21.650+0000] {dag.py:3229} INFO - Sync 1 DAGs
[2024-11-16T11:49:21.682+0000] {logging_mixin.py:190} INFO - [2024-11-16T11:49:21.682+0000] {dag.py:4156} INFO - Setting next_dagrun for airbnb_model to 2024-11-15 00:00:00+00:00, run_after=2024-11-16 00:00:00+00:00
[2024-11-16T11:49:21.698+0000] {processor.py:208} INFO - Processing /opt/airflow/dags/air_price_pred_dag.py took 0.157 seconds
[2024-11-16T11:49:52.605+0000] {processor.py:186} INFO - Started process (PID=756) to work on /opt/airflow/dags/air_price_pred_dag.py
[2024-11-16T11:49:52.612+0000] {processor.py:914} INFO - Processing file /opt/airflow/dags/air_price_pred_dag.py for tasks to queue
[2024-11-16T11:49:52.631+0000] {logging_mixin.py:190} INFO - [2024-11-16T11:49:52.630+0000] {dagbag.py:587} INFO - Filling up the DagBag from /opt/airflow/dags/air_price_pred_dag.py
[2024-11-16T11:49:53.010+0000] {processor.py:925} INFO - DAG(s) 'airbnb_model' retrieved from /opt/airflow/dags/air_price_pred_dag.py
[2024-11-16T11:49:53.645+0000] {logging_mixin.py:190} INFO - [2024-11-16T11:49:53.638+0000] {dag.py:3229} INFO - Sync 1 DAGs
[2024-11-16T11:49:53.933+0000] {logging_mixin.py:190} INFO - [2024-11-16T11:49:53.927+0000] {dag.py:4156} INFO - Setting next_dagrun for airbnb_model to 2024-11-15 00:00:00+00:00, run_after=2024-11-16 00:00:00+00:00
[2024-11-16T11:49:54.114+0000] {processor.py:208} INFO - Processing /opt/airflow/dags/air_price_pred_dag.py took 1.524 seconds
[2024-11-16T11:50:24.578+0000] {processor.py:186} INFO - Started process (PID=788) to work on /opt/airflow/dags/air_price_pred_dag.py
[2024-11-16T11:50:24.581+0000] {processor.py:914} INFO - Processing file /opt/airflow/dags/air_price_pred_dag.py for tasks to queue
[2024-11-16T11:50:24.588+0000] {logging_mixin.py:190} INFO - [2024-11-16T11:50:24.588+0000] {dagbag.py:587} INFO - Filling up the DagBag from /opt/airflow/dags/air_price_pred_dag.py
[2024-11-16T11:50:24.635+0000] {processor.py:925} INFO - DAG(s) 'airbnb_model' retrieved from /opt/airflow/dags/air_price_pred_dag.py
[2024-11-16T11:50:24.693+0000] {logging_mixin.py:190} INFO - [2024-11-16T11:50:24.692+0000] {dag.py:3229} INFO - Sync 1 DAGs
[2024-11-16T11:50:24.757+0000] {logging_mixin.py:190} INFO - [2024-11-16T11:50:24.756+0000] {dag.py:4156} INFO - Setting next_dagrun for airbnb_model to 2024-11-15 00:00:00+00:00, run_after=2024-11-16 00:00:00+00:00
[2024-11-16T11:50:24.810+0000] {processor.py:208} INFO - Processing /opt/airflow/dags/air_price_pred_dag.py took 0.265 seconds
[2024-11-16T11:50:55.307+0000] {processor.py:186} INFO - Started process (PID=819) to work on /opt/airflow/dags/air_price_pred_dag.py
[2024-11-16T11:50:55.309+0000] {processor.py:914} INFO - Processing file /opt/airflow/dags/air_price_pred_dag.py for tasks to queue
[2024-11-16T11:50:55.313+0000] {logging_mixin.py:190} INFO - [2024-11-16T11:50:55.313+0000] {dagbag.py:587} INFO - Filling up the DagBag from /opt/airflow/dags/air_price_pred_dag.py
[2024-11-16T11:50:55.330+0000] {processor.py:925} INFO - DAG(s) 'airbnb_model' retrieved from /opt/airflow/dags/air_price_pred_dag.py
[2024-11-16T11:50:55.386+0000] {logging_mixin.py:190} INFO - [2024-11-16T11:50:55.385+0000] {dag.py:3229} INFO - Sync 1 DAGs
[2024-11-16T11:50:55.409+0000] {logging_mixin.py:190} INFO - [2024-11-16T11:50:55.408+0000] {dag.py:4156} INFO - Setting next_dagrun for airbnb_model to 2024-11-15 00:00:00+00:00, run_after=2024-11-16 00:00:00+00:00
[2024-11-16T11:50:55.430+0000] {processor.py:208} INFO - Processing /opt/airflow/dags/air_price_pred_dag.py took 0.132 seconds
[2024-11-16T11:51:26.107+0000] {processor.py:186} INFO - Started process (PID=850) to work on /opt/airflow/dags/air_price_pred_dag.py
[2024-11-16T11:51:26.109+0000] {processor.py:914} INFO - Processing file /opt/airflow/dags/air_price_pred_dag.py for tasks to queue
[2024-11-16T11:51:26.116+0000] {logging_mixin.py:190} INFO - [2024-11-16T11:51:26.115+0000] {dagbag.py:587} INFO - Filling up the DagBag from /opt/airflow/dags/air_price_pred_dag.py
[2024-11-16T11:51:26.160+0000] {processor.py:925} INFO - DAG(s) 'airbnb_model' retrieved from /opt/airflow/dags/air_price_pred_dag.py
[2024-11-16T11:51:26.197+0000] {logging_mixin.py:190} INFO - [2024-11-16T11:51:26.197+0000] {dag.py:3229} INFO - Sync 1 DAGs
[2024-11-16T11:51:26.236+0000] {logging_mixin.py:190} INFO - [2024-11-16T11:51:26.236+0000] {dag.py:4156} INFO - Setting next_dagrun for airbnb_model to 2024-11-15 00:00:00+00:00, run_after=2024-11-16 00:00:00+00:00
[2024-11-16T11:51:26.251+0000] {processor.py:208} INFO - Processing /opt/airflow/dags/air_price_pred_dag.py took 0.172 seconds
[2024-11-16T11:51:56.899+0000] {processor.py:186} INFO - Started process (PID=882) to work on /opt/airflow/dags/air_price_pred_dag.py
[2024-11-16T11:51:56.903+0000] {processor.py:914} INFO - Processing file /opt/airflow/dags/air_price_pred_dag.py for tasks to queue
[2024-11-16T11:51:56.907+0000] {logging_mixin.py:190} INFO - [2024-11-16T11:51:56.906+0000] {dagbag.py:587} INFO - Filling up the DagBag from /opt/airflow/dags/air_price_pred_dag.py
[2024-11-16T11:51:56.925+0000] {processor.py:925} INFO - DAG(s) 'airbnb_model' retrieved from /opt/airflow/dags/air_price_pred_dag.py
[2024-11-16T11:51:56.975+0000] {logging_mixin.py:190} INFO - [2024-11-16T11:51:56.975+0000] {dag.py:3229} INFO - Sync 1 DAGs
[2024-11-16T11:51:57.001+0000] {logging_mixin.py:190} INFO - [2024-11-16T11:51:57.001+0000] {dag.py:4156} INFO - Setting next_dagrun for airbnb_model to 2024-11-15 00:00:00+00:00, run_after=2024-11-16 00:00:00+00:00
[2024-11-16T11:51:57.025+0000] {processor.py:208} INFO - Processing /opt/airflow/dags/air_price_pred_dag.py took 0.150 seconds
