[2024-11-16T11:40:23.864+0000] {processor.py:186} INFO - Started process (PID=179) to work on /opt/airflow/dags/simple_dag.py
[2024-11-16T11:40:23.875+0000] {processor.py:914} INFO - Processing file /opt/airflow/dags/simple_dag.py for tasks to queue
[2024-11-16T11:40:23.902+0000] {logging_mixin.py:190} INFO - [2024-11-16T11:40:23.901+0000] {dagbag.py:587} INFO - Filling up the DagBag from /opt/airflow/dags/simple_dag.py
[2024-11-16T11:40:24.075+0000] {processor.py:925} INFO - DAG(s) 'max_min_dag' retrieved from /opt/airflow/dags/simple_dag.py
[2024-11-16T11:40:25.070+0000] {logging_mixin.py:190} INFO - [2024-11-16T11:40:25.066+0000] {override.py:1900} INFO - Created Permission View: can read on DAG:max_min_dag
[2024-11-16T11:40:25.139+0000] {logging_mixin.py:190} INFO - [2024-11-16T11:40:25.139+0000] {override.py:1900} INFO - Created Permission View: can delete on DAG:max_min_dag
[2024-11-16T11:40:25.152+0000] {logging_mixin.py:190} INFO - [2024-11-16T11:40:25.152+0000] {override.py:1900} INFO - Created Permission View: can edit on DAG:max_min_dag
[2024-11-16T11:40:25.162+0000] {logging_mixin.py:190} INFO - [2024-11-16T11:40:25.161+0000] {override.py:1900} INFO - Created Permission View: can read on DAG Run:max_min_dag
[2024-11-16T11:40:25.183+0000] {logging_mixin.py:190} INFO - [2024-11-16T11:40:25.183+0000] {override.py:1900} INFO - Created Permission View: can delete on DAG Run:max_min_dag
[2024-11-16T11:40:25.194+0000] {logging_mixin.py:190} INFO - [2024-11-16T11:40:25.194+0000] {override.py:1900} INFO - Created Permission View: menu access on DAG Run:max_min_dag
[2024-11-16T11:40:25.205+0000] {logging_mixin.py:190} INFO - [2024-11-16T11:40:25.204+0000] {override.py:1900} INFO - Created Permission View: can create on DAG Run:max_min_dag
[2024-11-16T11:40:25.209+0000] {logging_mixin.py:190} INFO - [2024-11-16T11:40:25.208+0000] {dag.py:3229} INFO - Sync 1 DAGs
[2024-11-16T11:40:25.269+0000] {logging_mixin.py:190} INFO - [2024-11-16T11:40:25.269+0000] {dag.py:3252} INFO - Creating ORM DAG for max_min_dag
[2024-11-16T11:40:25.300+0000] {logging_mixin.py:190} INFO - [2024-11-16T11:40:25.300+0000] {dag.py:4156} INFO - Setting next_dagrun for max_min_dag to 2024-11-15 00:00:00+00:00, run_after=2024-11-16 00:00:00+00:00
[2024-11-16T11:40:25.343+0000] {processor.py:208} INFO - Processing /opt/airflow/dags/simple_dag.py took 1.548 seconds
[2024-11-16T11:40:56.610+0000] {processor.py:186} INFO - Started process (PID=214) to work on /opt/airflow/dags/simple_dag.py
[2024-11-16T11:40:56.615+0000] {processor.py:914} INFO - Processing file /opt/airflow/dags/simple_dag.py for tasks to queue
[2024-11-16T11:40:56.669+0000] {logging_mixin.py:190} INFO - [2024-11-16T11:40:56.667+0000] {dagbag.py:587} INFO - Filling up the DagBag from /opt/airflow/dags/simple_dag.py
[2024-11-16T11:40:57.037+0000] {processor.py:925} INFO - DAG(s) 'max_min_dag' retrieved from /opt/airflow/dags/simple_dag.py
[2024-11-16T11:40:57.154+0000] {logging_mixin.py:190} INFO - [2024-11-16T11:40:57.154+0000] {dag.py:3229} INFO - Sync 1 DAGs
[2024-11-16T11:40:57.242+0000] {logging_mixin.py:190} INFO - [2024-11-16T11:40:57.242+0000] {dag.py:4156} INFO - Setting next_dagrun for max_min_dag to 2024-11-15 00:00:00+00:00, run_after=2024-11-16 00:00:00+00:00
[2024-11-16T11:40:57.280+0000] {processor.py:208} INFO - Processing /opt/airflow/dags/simple_dag.py took 0.759 seconds
[2024-11-16T11:41:28.027+0000] {processor.py:186} INFO - Started process (PID=247) to work on /opt/airflow/dags/simple_dag.py
[2024-11-16T11:41:28.033+0000] {processor.py:914} INFO - Processing file /opt/airflow/dags/simple_dag.py for tasks to queue
[2024-11-16T11:41:28.049+0000] {logging_mixin.py:190} INFO - [2024-11-16T11:41:28.048+0000] {dagbag.py:587} INFO - Filling up the DagBag from /opt/airflow/dags/simple_dag.py
[2024-11-16T11:41:28.112+0000] {processor.py:925} INFO - DAG(s) 'max_min_dag' retrieved from /opt/airflow/dags/simple_dag.py
[2024-11-16T11:41:28.206+0000] {logging_mixin.py:190} INFO - [2024-11-16T11:41:28.206+0000] {dag.py:3229} INFO - Sync 1 DAGs
[2024-11-16T11:41:28.268+0000] {logging_mixin.py:190} INFO - [2024-11-16T11:41:28.268+0000] {dag.py:4156} INFO - Setting next_dagrun for max_min_dag to 2024-11-15 00:00:00+00:00, run_after=2024-11-16 00:00:00+00:00
[2024-11-16T11:41:28.309+0000] {processor.py:208} INFO - Processing /opt/airflow/dags/simple_dag.py took 0.309 seconds
[2024-11-16T11:41:59.212+0000] {processor.py:186} INFO - Started process (PID=278) to work on /opt/airflow/dags/simple_dag.py
[2024-11-16T11:41:59.215+0000] {processor.py:914} INFO - Processing file /opt/airflow/dags/simple_dag.py for tasks to queue
[2024-11-16T11:41:59.226+0000] {logging_mixin.py:190} INFO - [2024-11-16T11:41:59.225+0000] {dagbag.py:587} INFO - Filling up the DagBag from /opt/airflow/dags/simple_dag.py
[2024-11-16T11:41:59.258+0000] {processor.py:925} INFO - DAG(s) 'max_min_dag' retrieved from /opt/airflow/dags/simple_dag.py
[2024-11-16T11:41:59.319+0000] {logging_mixin.py:190} INFO - [2024-11-16T11:41:59.319+0000] {dag.py:3229} INFO - Sync 1 DAGs
[2024-11-16T11:41:59.411+0000] {logging_mixin.py:190} INFO - [2024-11-16T11:41:59.410+0000] {dag.py:4156} INFO - Setting next_dagrun for max_min_dag to 2024-11-15 00:00:00+00:00, run_after=2024-11-16 00:00:00+00:00
[2024-11-16T11:41:59.663+0000] {processor.py:208} INFO - Processing /opt/airflow/dags/simple_dag.py took 0.458 seconds
[2024-11-16T11:42:30.343+0000] {processor.py:186} INFO - Started process (PID=309) to work on /opt/airflow/dags/simple_dag.py
[2024-11-16T11:42:30.349+0000] {processor.py:914} INFO - Processing file /opt/airflow/dags/simple_dag.py for tasks to queue
[2024-11-16T11:42:30.380+0000] {logging_mixin.py:190} INFO - [2024-11-16T11:42:30.378+0000] {dagbag.py:587} INFO - Filling up the DagBag from /opt/airflow/dags/simple_dag.py
[2024-11-16T11:42:30.486+0000] {processor.py:925} INFO - DAG(s) 'max_min_dag' retrieved from /opt/airflow/dags/simple_dag.py
[2024-11-16T11:42:30.734+0000] {logging_mixin.py:190} INFO - [2024-11-16T11:42:30.733+0000] {dag.py:3229} INFO - Sync 1 DAGs
[2024-11-16T11:42:30.806+0000] {logging_mixin.py:190} INFO - [2024-11-16T11:42:30.805+0000] {dag.py:4156} INFO - Setting next_dagrun for max_min_dag to 2024-11-15 00:00:00+00:00, run_after=2024-11-16 00:00:00+00:00
[2024-11-16T11:42:30.860+0000] {processor.py:208} INFO - Processing /opt/airflow/dags/simple_dag.py took 0.529 seconds
[2024-11-16T11:43:01.967+0000] {processor.py:186} INFO - Started process (PID=340) to work on /opt/airflow/dags/simple_dag.py
[2024-11-16T11:43:01.972+0000] {processor.py:914} INFO - Processing file /opt/airflow/dags/simple_dag.py for tasks to queue
[2024-11-16T11:43:01.982+0000] {logging_mixin.py:190} INFO - [2024-11-16T11:43:01.982+0000] {dagbag.py:587} INFO - Filling up the DagBag from /opt/airflow/dags/simple_dag.py
[2024-11-16T11:43:02.040+0000] {processor.py:925} INFO - DAG(s) 'max_min_dag' retrieved from /opt/airflow/dags/simple_dag.py
[2024-11-16T11:43:02.173+0000] {logging_mixin.py:190} INFO - [2024-11-16T11:43:02.173+0000] {dag.py:3229} INFO - Sync 1 DAGs
[2024-11-16T11:43:02.256+0000] {logging_mixin.py:190} INFO - [2024-11-16T11:43:02.256+0000] {dag.py:4156} INFO - Setting next_dagrun for max_min_dag to 2024-11-15 00:00:00+00:00, run_after=2024-11-16 00:00:00+00:00
[2024-11-16T11:43:02.394+0000] {processor.py:208} INFO - Processing /opt/airflow/dags/simple_dag.py took 0.465 seconds
[2024-11-16T11:43:33.282+0000] {processor.py:186} INFO - Started process (PID=371) to work on /opt/airflow/dags/simple_dag.py
[2024-11-16T11:43:33.287+0000] {processor.py:914} INFO - Processing file /opt/airflow/dags/simple_dag.py for tasks to queue
[2024-11-16T11:43:33.301+0000] {logging_mixin.py:190} INFO - [2024-11-16T11:43:33.299+0000] {dagbag.py:587} INFO - Filling up the DagBag from /opt/airflow/dags/simple_dag.py
[2024-11-16T11:43:33.391+0000] {processor.py:925} INFO - DAG(s) 'max_min_dag' retrieved from /opt/airflow/dags/simple_dag.py
[2024-11-16T11:43:33.483+0000] {logging_mixin.py:190} INFO - [2024-11-16T11:43:33.483+0000] {dag.py:3229} INFO - Sync 1 DAGs
[2024-11-16T11:43:33.536+0000] {logging_mixin.py:190} INFO - [2024-11-16T11:43:33.536+0000] {dag.py:4156} INFO - Setting next_dagrun for max_min_dag to 2024-11-15 00:00:00+00:00, run_after=2024-11-16 00:00:00+00:00
[2024-11-16T11:43:33.605+0000] {processor.py:208} INFO - Processing /opt/airflow/dags/simple_dag.py took 0.367 seconds
[2024-11-16T11:44:04.648+0000] {processor.py:186} INFO - Started process (PID=402) to work on /opt/airflow/dags/simple_dag.py
[2024-11-16T11:44:04.651+0000] {processor.py:914} INFO - Processing file /opt/airflow/dags/simple_dag.py for tasks to queue
[2024-11-16T11:44:04.658+0000] {logging_mixin.py:190} INFO - [2024-11-16T11:44:04.657+0000] {dagbag.py:587} INFO - Filling up the DagBag from /opt/airflow/dags/simple_dag.py
[2024-11-16T11:44:04.681+0000] {processor.py:925} INFO - DAG(s) 'max_min_dag' retrieved from /opt/airflow/dags/simple_dag.py
[2024-11-16T11:44:04.738+0000] {logging_mixin.py:190} INFO - [2024-11-16T11:44:04.738+0000] {dag.py:3229} INFO - Sync 1 DAGs
[2024-11-16T11:44:04.789+0000] {logging_mixin.py:190} INFO - [2024-11-16T11:44:04.789+0000] {dag.py:4156} INFO - Setting next_dagrun for max_min_dag to 2024-11-15 00:00:00+00:00, run_after=2024-11-16 00:00:00+00:00
[2024-11-16T11:44:04.809+0000] {processor.py:208} INFO - Processing /opt/airflow/dags/simple_dag.py took 0.187 seconds
[2024-11-16T11:44:35.628+0000] {processor.py:186} INFO - Started process (PID=433) to work on /opt/airflow/dags/simple_dag.py
[2024-11-16T11:44:35.639+0000] {processor.py:914} INFO - Processing file /opt/airflow/dags/simple_dag.py for tasks to queue
[2024-11-16T11:44:35.664+0000] {logging_mixin.py:190} INFO - [2024-11-16T11:44:35.663+0000] {dagbag.py:587} INFO - Filling up the DagBag from /opt/airflow/dags/simple_dag.py
[2024-11-16T11:44:35.719+0000] {processor.py:925} INFO - DAG(s) 'max_min_dag' retrieved from /opt/airflow/dags/simple_dag.py
[2024-11-16T11:44:35.812+0000] {logging_mixin.py:190} INFO - [2024-11-16T11:44:35.812+0000] {dag.py:3229} INFO - Sync 1 DAGs
[2024-11-16T11:44:35.870+0000] {logging_mixin.py:190} INFO - [2024-11-16T11:44:35.870+0000] {dag.py:4156} INFO - Setting next_dagrun for max_min_dag to 2024-11-15 00:00:00+00:00, run_after=2024-11-16 00:00:00+00:00
[2024-11-16T11:44:38.570+0000] {processor.py:208} INFO - Processing /opt/airflow/dags/simple_dag.py took 2.957 seconds
[2024-11-16T11:45:09.337+0000] {processor.py:186} INFO - Started process (PID=464) to work on /opt/airflow/dags/simple_dag.py
[2024-11-16T11:45:09.340+0000] {processor.py:914} INFO - Processing file /opt/airflow/dags/simple_dag.py for tasks to queue
[2024-11-16T11:45:09.346+0000] {logging_mixin.py:190} INFO - [2024-11-16T11:45:09.345+0000] {dagbag.py:587} INFO - Filling up the DagBag from /opt/airflow/dags/simple_dag.py
[2024-11-16T11:45:09.479+0000] {processor.py:925} INFO - DAG(s) 'max_min_dag' retrieved from /opt/airflow/dags/simple_dag.py
[2024-11-16T11:45:09.572+0000] {logging_mixin.py:190} INFO - [2024-11-16T11:45:09.571+0000] {dag.py:3229} INFO - Sync 1 DAGs
[2024-11-16T11:45:10.305+0000] {logging_mixin.py:190} INFO - [2024-11-16T11:45:10.303+0000] {dag.py:4156} INFO - Setting next_dagrun for max_min_dag to 2024-11-15 00:00:00+00:00, run_after=2024-11-16 00:00:00+00:00
[2024-11-16T11:45:10.542+0000] {processor.py:208} INFO - Processing /opt/airflow/dags/simple_dag.py took 1.218 seconds
[2024-11-16T11:45:41.419+0000] {processor.py:186} INFO - Started process (PID=495) to work on /opt/airflow/dags/simple_dag.py
[2024-11-16T11:45:41.430+0000] {processor.py:914} INFO - Processing file /opt/airflow/dags/simple_dag.py for tasks to queue
[2024-11-16T11:45:41.446+0000] {logging_mixin.py:190} INFO - [2024-11-16T11:45:41.444+0000] {dagbag.py:587} INFO - Filling up the DagBag from /opt/airflow/dags/simple_dag.py
[2024-11-16T11:45:41.485+0000] {processor.py:925} INFO - DAG(s) 'max_min_dag' retrieved from /opt/airflow/dags/simple_dag.py
[2024-11-16T11:45:42.078+0000] {logging_mixin.py:190} INFO - [2024-11-16T11:45:42.076+0000] {dag.py:3229} INFO - Sync 1 DAGs
[2024-11-16T11:45:42.152+0000] {logging_mixin.py:190} INFO - [2024-11-16T11:45:42.151+0000] {dag.py:4156} INFO - Setting next_dagrun for max_min_dag to 2024-11-15 00:00:00+00:00, run_after=2024-11-16 00:00:00+00:00
[2024-11-16T11:45:42.358+0000] {processor.py:208} INFO - Processing /opt/airflow/dags/simple_dag.py took 0.981 seconds
[2024-11-16T11:46:13.141+0000] {processor.py:186} INFO - Started process (PID=526) to work on /opt/airflow/dags/simple_dag.py
[2024-11-16T11:46:13.144+0000] {processor.py:914} INFO - Processing file /opt/airflow/dags/simple_dag.py for tasks to queue
[2024-11-16T11:46:13.149+0000] {logging_mixin.py:190} INFO - [2024-11-16T11:46:13.149+0000] {dagbag.py:587} INFO - Filling up the DagBag from /opt/airflow/dags/simple_dag.py
[2024-11-16T11:46:13.721+0000] {processor.py:925} INFO - DAG(s) 'max_min_dag' retrieved from /opt/airflow/dags/simple_dag.py
[2024-11-16T11:46:13.785+0000] {logging_mixin.py:190} INFO - [2024-11-16T11:46:13.784+0000] {dag.py:3229} INFO - Sync 1 DAGs
[2024-11-16T11:46:13.821+0000] {logging_mixin.py:190} INFO - [2024-11-16T11:46:13.821+0000] {dag.py:4156} INFO - Setting next_dagrun for max_min_dag to 2024-11-15 00:00:00+00:00, run_after=2024-11-16 00:00:00+00:00
[2024-11-16T11:46:13.837+0000] {processor.py:208} INFO - Processing /opt/airflow/dags/simple_dag.py took 0.720 seconds
[2024-11-16T11:46:44.443+0000] {processor.py:186} INFO - Started process (PID=557) to work on /opt/airflow/dags/simple_dag.py
[2024-11-16T11:46:44.446+0000] {processor.py:914} INFO - Processing file /opt/airflow/dags/simple_dag.py for tasks to queue
[2024-11-16T11:46:44.451+0000] {logging_mixin.py:190} INFO - [2024-11-16T11:46:44.450+0000] {dagbag.py:587} INFO - Filling up the DagBag from /opt/airflow/dags/simple_dag.py
[2024-11-16T11:46:44.494+0000] {processor.py:925} INFO - DAG(s) 'max_min_dag' retrieved from /opt/airflow/dags/simple_dag.py
[2024-11-16T11:46:44.553+0000] {logging_mixin.py:190} INFO - [2024-11-16T11:46:44.553+0000] {dag.py:3229} INFO - Sync 1 DAGs
[2024-11-16T11:46:44.584+0000] {logging_mixin.py:190} INFO - [2024-11-16T11:46:44.584+0000] {dag.py:4156} INFO - Setting next_dagrun for max_min_dag to 2024-11-15 00:00:00+00:00, run_after=2024-11-16 00:00:00+00:00
[2024-11-16T11:46:44.604+0000] {processor.py:208} INFO - Processing /opt/airflow/dags/simple_dag.py took 0.178 seconds
[2024-11-16T11:47:15.298+0000] {processor.py:186} INFO - Started process (PID=587) to work on /opt/airflow/dags/simple_dag.py
[2024-11-16T11:47:15.300+0000] {processor.py:914} INFO - Processing file /opt/airflow/dags/simple_dag.py for tasks to queue
[2024-11-16T11:47:15.308+0000] {logging_mixin.py:190} INFO - [2024-11-16T11:47:15.307+0000] {dagbag.py:587} INFO - Filling up the DagBag from /opt/airflow/dags/simple_dag.py
[2024-11-16T11:47:15.344+0000] {processor.py:925} INFO - DAG(s) 'max_min_dag' retrieved from /opt/airflow/dags/simple_dag.py
[2024-11-16T11:47:15.383+0000] {logging_mixin.py:190} INFO - [2024-11-16T11:47:15.382+0000] {dag.py:3229} INFO - Sync 1 DAGs
[2024-11-16T11:47:15.438+0000] {logging_mixin.py:190} INFO - [2024-11-16T11:47:15.438+0000] {dag.py:4156} INFO - Setting next_dagrun for max_min_dag to 2024-11-15 00:00:00+00:00, run_after=2024-11-16 00:00:00+00:00
[2024-11-16T11:47:15.523+0000] {processor.py:208} INFO - Processing /opt/airflow/dags/simple_dag.py took 0.238 seconds
[2024-11-16T11:47:46.173+0000] {processor.py:186} INFO - Started process (PID=618) to work on /opt/airflow/dags/simple_dag.py
[2024-11-16T11:47:46.183+0000] {processor.py:914} INFO - Processing file /opt/airflow/dags/simple_dag.py for tasks to queue
[2024-11-16T11:47:46.194+0000] {logging_mixin.py:190} INFO - [2024-11-16T11:47:46.193+0000] {dagbag.py:587} INFO - Filling up the DagBag from /opt/airflow/dags/simple_dag.py
[2024-11-16T11:47:46.217+0000] {processor.py:925} INFO - DAG(s) 'max_min_dag' retrieved from /opt/airflow/dags/simple_dag.py
[2024-11-16T11:47:46.250+0000] {logging_mixin.py:190} INFO - [2024-11-16T11:47:46.249+0000] {dag.py:3229} INFO - Sync 1 DAGs
[2024-11-16T11:47:46.300+0000] {logging_mixin.py:190} INFO - [2024-11-16T11:47:46.300+0000] {dag.py:4156} INFO - Setting next_dagrun for max_min_dag to 2024-11-15 00:00:00+00:00, run_after=2024-11-16 00:00:00+00:00
[2024-11-16T11:47:46.354+0000] {processor.py:208} INFO - Processing /opt/airflow/dags/simple_dag.py took 0.201 seconds
[2024-11-16T11:48:16.996+0000] {processor.py:186} INFO - Started process (PID=649) to work on /opt/airflow/dags/simple_dag.py
[2024-11-16T11:48:17.000+0000] {processor.py:914} INFO - Processing file /opt/airflow/dags/simple_dag.py for tasks to queue
[2024-11-16T11:48:17.005+0000] {logging_mixin.py:190} INFO - [2024-11-16T11:48:17.005+0000] {dagbag.py:587} INFO - Filling up the DagBag from /opt/airflow/dags/simple_dag.py
[2024-11-16T11:48:17.028+0000] {processor.py:925} INFO - DAG(s) 'max_min_dag' retrieved from /opt/airflow/dags/simple_dag.py
[2024-11-16T11:48:17.084+0000] {logging_mixin.py:190} INFO - [2024-11-16T11:48:17.083+0000] {dag.py:3229} INFO - Sync 1 DAGs
[2024-11-16T11:48:17.105+0000] {logging_mixin.py:190} INFO - [2024-11-16T11:48:17.104+0000] {dag.py:4156} INFO - Setting next_dagrun for max_min_dag to 2024-11-15 00:00:00+00:00, run_after=2024-11-16 00:00:00+00:00
[2024-11-16T11:48:17.128+0000] {processor.py:208} INFO - Processing /opt/airflow/dags/simple_dag.py took 0.156 seconds
[2024-11-16T11:48:47.837+0000] {processor.py:186} INFO - Started process (PID=680) to work on /opt/airflow/dags/simple_dag.py
[2024-11-16T11:48:47.844+0000] {processor.py:914} INFO - Processing file /opt/airflow/dags/simple_dag.py for tasks to queue
[2024-11-16T11:48:47.851+0000] {logging_mixin.py:190} INFO - [2024-11-16T11:48:47.851+0000] {dagbag.py:587} INFO - Filling up the DagBag from /opt/airflow/dags/simple_dag.py
[2024-11-16T11:48:47.881+0000] {processor.py:925} INFO - DAG(s) 'max_min_dag' retrieved from /opt/airflow/dags/simple_dag.py
[2024-11-16T11:48:47.938+0000] {logging_mixin.py:190} INFO - [2024-11-16T11:48:47.937+0000] {dag.py:3229} INFO - Sync 1 DAGs
[2024-11-16T11:48:48.006+0000] {logging_mixin.py:190} INFO - [2024-11-16T11:48:48.006+0000] {dag.py:4156} INFO - Setting next_dagrun for max_min_dag to 2024-11-15 00:00:00+00:00, run_after=2024-11-16 00:00:00+00:00
[2024-11-16T11:48:48.210+0000] {processor.py:208} INFO - Processing /opt/airflow/dags/simple_dag.py took 0.381 seconds
[2024-11-16T11:49:19.069+0000] {processor.py:186} INFO - Started process (PID=711) to work on /opt/airflow/dags/simple_dag.py
[2024-11-16T11:49:19.071+0000] {processor.py:914} INFO - Processing file /opt/airflow/dags/simple_dag.py for tasks to queue
[2024-11-16T11:49:19.084+0000] {logging_mixin.py:190} INFO - [2024-11-16T11:49:19.083+0000] {dagbag.py:587} INFO - Filling up the DagBag from /opt/airflow/dags/simple_dag.py
[2024-11-16T11:49:19.106+0000] {processor.py:925} INFO - DAG(s) 'max_min_dag' retrieved from /opt/airflow/dags/simple_dag.py
[2024-11-16T11:49:19.189+0000] {logging_mixin.py:190} INFO - [2024-11-16T11:49:19.188+0000] {dag.py:3229} INFO - Sync 1 DAGs
[2024-11-16T11:49:19.272+0000] {logging_mixin.py:190} INFO - [2024-11-16T11:49:19.272+0000] {dag.py:4156} INFO - Setting next_dagrun for max_min_dag to 2024-11-15 00:00:00+00:00, run_after=2024-11-16 00:00:00+00:00
[2024-11-16T11:49:19.393+0000] {processor.py:208} INFO - Processing /opt/airflow/dags/simple_dag.py took 0.349 seconds
[2024-11-16T11:49:50.344+0000] {processor.py:186} INFO - Started process (PID=742) to work on /opt/airflow/dags/simple_dag.py
[2024-11-16T11:49:50.353+0000] {processor.py:914} INFO - Processing file /opt/airflow/dags/simple_dag.py for tasks to queue
[2024-11-16T11:49:50.360+0000] {logging_mixin.py:190} INFO - [2024-11-16T11:49:50.359+0000] {dagbag.py:587} INFO - Filling up the DagBag from /opt/airflow/dags/simple_dag.py
[2024-11-16T11:49:50.429+0000] {processor.py:925} INFO - DAG(s) 'max_min_dag' retrieved from /opt/airflow/dags/simple_dag.py
[2024-11-16T11:49:50.634+0000] {logging_mixin.py:190} INFO - [2024-11-16T11:49:50.633+0000] {dag.py:3229} INFO - Sync 1 DAGs
[2024-11-16T11:49:50.783+0000] {logging_mixin.py:190} INFO - [2024-11-16T11:49:50.782+0000] {dag.py:4156} INFO - Setting next_dagrun for max_min_dag to 2024-11-15 00:00:00+00:00, run_after=2024-11-16 00:00:00+00:00
[2024-11-16T11:49:50.922+0000] {processor.py:208} INFO - Processing /opt/airflow/dags/simple_dag.py took 0.633 seconds
[2024-11-16T11:50:21.875+0000] {processor.py:186} INFO - Started process (PID=773) to work on /opt/airflow/dags/simple_dag.py
[2024-11-16T11:50:21.886+0000] {processor.py:914} INFO - Processing file /opt/airflow/dags/simple_dag.py for tasks to queue
[2024-11-16T11:50:21.892+0000] {logging_mixin.py:190} INFO - [2024-11-16T11:50:21.892+0000] {dagbag.py:587} INFO - Filling up the DagBag from /opt/airflow/dags/simple_dag.py
[2024-11-16T11:50:21.915+0000] {processor.py:925} INFO - DAG(s) 'max_min_dag' retrieved from /opt/airflow/dags/simple_dag.py
[2024-11-16T11:50:21.967+0000] {logging_mixin.py:190} INFO - [2024-11-16T11:50:21.967+0000] {dag.py:3229} INFO - Sync 1 DAGs
[2024-11-16T11:50:22.000+0000] {logging_mixin.py:190} INFO - [2024-11-16T11:50:22.000+0000] {dag.py:4156} INFO - Setting next_dagrun for max_min_dag to 2024-11-15 00:00:00+00:00, run_after=2024-11-16 00:00:00+00:00
[2024-11-16T11:50:22.029+0000] {processor.py:208} INFO - Processing /opt/airflow/dags/simple_dag.py took 0.166 seconds
[2024-11-16T11:50:52.948+0000] {processor.py:186} INFO - Started process (PID=803) to work on /opt/airflow/dags/simple_dag.py
[2024-11-16T11:50:52.951+0000] {processor.py:914} INFO - Processing file /opt/airflow/dags/simple_dag.py for tasks to queue
[2024-11-16T11:50:52.969+0000] {logging_mixin.py:190} INFO - [2024-11-16T11:50:52.964+0000] {dagbag.py:587} INFO - Filling up the DagBag from /opt/airflow/dags/simple_dag.py
[2024-11-16T11:50:53.011+0000] {processor.py:925} INFO - DAG(s) 'max_min_dag' retrieved from /opt/airflow/dags/simple_dag.py
[2024-11-16T11:50:53.091+0000] {logging_mixin.py:190} INFO - [2024-11-16T11:50:53.090+0000] {dag.py:3229} INFO - Sync 1 DAGs
[2024-11-16T11:50:53.148+0000] {logging_mixin.py:190} INFO - [2024-11-16T11:50:53.147+0000] {dag.py:4156} INFO - Setting next_dagrun for max_min_dag to 2024-11-15 00:00:00+00:00, run_after=2024-11-16 00:00:00+00:00
[2024-11-16T11:50:53.177+0000] {processor.py:208} INFO - Processing /opt/airflow/dags/simple_dag.py took 0.244 seconds
[2024-11-16T11:51:23.755+0000] {processor.py:186} INFO - Started process (PID=836) to work on /opt/airflow/dags/simple_dag.py
[2024-11-16T11:51:23.757+0000] {processor.py:914} INFO - Processing file /opt/airflow/dags/simple_dag.py for tasks to queue
[2024-11-16T11:51:23.763+0000] {logging_mixin.py:190} INFO - [2024-11-16T11:51:23.762+0000] {dagbag.py:587} INFO - Filling up the DagBag from /opt/airflow/dags/simple_dag.py
[2024-11-16T11:51:23.784+0000] {processor.py:925} INFO - DAG(s) 'max_min_dag' retrieved from /opt/airflow/dags/simple_dag.py
[2024-11-16T11:51:23.824+0000] {logging_mixin.py:190} INFO - [2024-11-16T11:51:23.824+0000] {dag.py:3229} INFO - Sync 1 DAGs
[2024-11-16T11:51:23.868+0000] {logging_mixin.py:190} INFO - [2024-11-16T11:51:23.868+0000] {dag.py:4156} INFO - Setting next_dagrun for max_min_dag to 2024-11-15 00:00:00+00:00, run_after=2024-11-16 00:00:00+00:00
[2024-11-16T11:51:23.956+0000] {processor.py:208} INFO - Processing /opt/airflow/dags/simple_dag.py took 0.213 seconds
[2024-11-16T11:51:54.615+0000] {processor.py:186} INFO - Started process (PID=867) to work on /opt/airflow/dags/simple_dag.py
[2024-11-16T11:51:54.618+0000] {processor.py:914} INFO - Processing file /opt/airflow/dags/simple_dag.py for tasks to queue
[2024-11-16T11:51:54.622+0000] {logging_mixin.py:190} INFO - [2024-11-16T11:51:54.622+0000] {dagbag.py:587} INFO - Filling up the DagBag from /opt/airflow/dags/simple_dag.py
[2024-11-16T11:51:54.672+0000] {processor.py:925} INFO - DAG(s) 'max_min_dag' retrieved from /opt/airflow/dags/simple_dag.py
[2024-11-16T11:51:54.732+0000] {logging_mixin.py:190} INFO - [2024-11-16T11:51:54.731+0000] {dag.py:3229} INFO - Sync 1 DAGs
[2024-11-16T11:51:54.758+0000] {logging_mixin.py:190} INFO - [2024-11-16T11:51:54.758+0000] {dag.py:4156} INFO - Setting next_dagrun for max_min_dag to 2024-11-15 00:00:00+00:00, run_after=2024-11-16 00:00:00+00:00
[2024-11-16T11:51:54.776+0000] {processor.py:208} INFO - Processing /opt/airflow/dags/simple_dag.py took 0.168 seconds
