[2024-11-16T11:40:23.789+0000] {processor.py:186} INFO - Started process (PID=176) to work on /opt/airflow/dags/spark_sql_dag.py
[2024-11-16T11:40:23.800+0000] {processor.py:914} INFO - Processing file /opt/airflow/dags/spark_sql_dag.py for tasks to queue
[2024-11-16T11:40:23.852+0000] {logging_mixin.py:190} INFO - [2024-11-16T11:40:23.843+0000] {dagbag.py:587} INFO - Filling up the DagBag from /opt/airflow/dags/spark_sql_dag.py
[2024-11-16T11:40:24.062+0000] {processor.py:925} INFO - DAG(s) 'spark_find_makers_dag' retrieved from /opt/airflow/dags/spark_sql_dag.py
[2024-11-16T11:40:25.070+0000] {logging_mixin.py:190} INFO - [2024-11-16T11:40:25.066+0000] {override.py:1900} INFO - Created Permission View: can read on DAG:spark_find_makers_dag
[2024-11-16T11:40:25.138+0000] {logging_mixin.py:190} INFO - [2024-11-16T11:40:25.137+0000] {override.py:1900} INFO - Created Permission View: can delete on DAG:spark_find_makers_dag
[2024-11-16T11:40:25.151+0000] {logging_mixin.py:190} INFO - [2024-11-16T11:40:25.150+0000] {override.py:1900} INFO - Created Permission View: can edit on DAG:spark_find_makers_dag
[2024-11-16T11:40:25.158+0000] {logging_mixin.py:190} INFO - [2024-11-16T11:40:25.157+0000] {override.py:1900} INFO - Created Permission View: can read on DAG Run:spark_find_makers_dag
[2024-11-16T11:40:25.174+0000] {logging_mixin.py:190} INFO - [2024-11-16T11:40:25.172+0000] {override.py:1900} INFO - Created Permission View: can delete on DAG Run:spark_find_makers_dag
[2024-11-16T11:40:25.191+0000] {logging_mixin.py:190} INFO - [2024-11-16T11:40:25.190+0000] {override.py:1900} INFO - Created Permission View: menu access on DAG Run:spark_find_makers_dag
[2024-11-16T11:40:25.202+0000] {logging_mixin.py:190} INFO - [2024-11-16T11:40:25.201+0000] {override.py:1900} INFO - Created Permission View: can create on DAG Run:spark_find_makers_dag
[2024-11-16T11:40:25.204+0000] {logging_mixin.py:190} INFO - [2024-11-16T11:40:25.204+0000] {dag.py:3229} INFO - Sync 1 DAGs
[2024-11-16T11:40:25.269+0000] {logging_mixin.py:190} INFO - [2024-11-16T11:40:25.268+0000] {dag.py:3252} INFO - Creating ORM DAG for spark_find_makers_dag
[2024-11-16T11:40:25.300+0000] {logging_mixin.py:190} INFO - [2024-11-16T11:40:25.300+0000] {dag.py:4156} INFO - Setting next_dagrun for spark_find_makers_dag to 2024-11-15 00:00:00+00:00, run_after=2024-11-16 00:00:00+00:00
[2024-11-16T11:40:25.344+0000] {processor.py:208} INFO - Processing /opt/airflow/dags/spark_sql_dag.py took 1.579 seconds
[2024-11-16T11:40:56.611+0000] {processor.py:186} INFO - Started process (PID=213) to work on /opt/airflow/dags/spark_sql_dag.py
[2024-11-16T11:40:56.617+0000] {processor.py:914} INFO - Processing file /opt/airflow/dags/spark_sql_dag.py for tasks to queue
[2024-11-16T11:40:56.669+0000] {logging_mixin.py:190} INFO - [2024-11-16T11:40:56.667+0000] {dagbag.py:587} INFO - Filling up the DagBag from /opt/airflow/dags/spark_sql_dag.py
[2024-11-16T11:40:57.037+0000] {processor.py:925} INFO - DAG(s) 'spark_find_makers_dag' retrieved from /opt/airflow/dags/spark_sql_dag.py
[2024-11-16T11:40:57.155+0000] {logging_mixin.py:190} INFO - [2024-11-16T11:40:57.154+0000] {dag.py:3229} INFO - Sync 1 DAGs
[2024-11-16T11:40:57.240+0000] {logging_mixin.py:190} INFO - [2024-11-16T11:40:57.240+0000] {dag.py:4156} INFO - Setting next_dagrun for spark_find_makers_dag to 2024-11-15 00:00:00+00:00, run_after=2024-11-16 00:00:00+00:00
[2024-11-16T11:40:57.279+0000] {processor.py:208} INFO - Processing /opt/airflow/dags/spark_sql_dag.py took 0.759 seconds
[2024-11-16T11:41:28.027+0000] {processor.py:186} INFO - Started process (PID=244) to work on /opt/airflow/dags/spark_sql_dag.py
[2024-11-16T11:41:28.033+0000] {processor.py:914} INFO - Processing file /opt/airflow/dags/spark_sql_dag.py for tasks to queue
[2024-11-16T11:41:28.053+0000] {logging_mixin.py:190} INFO - [2024-11-16T11:41:28.052+0000] {dagbag.py:587} INFO - Filling up the DagBag from /opt/airflow/dags/spark_sql_dag.py
[2024-11-16T11:41:28.112+0000] {processor.py:925} INFO - DAG(s) 'spark_find_makers_dag' retrieved from /opt/airflow/dags/spark_sql_dag.py
[2024-11-16T11:41:28.206+0000] {logging_mixin.py:190} INFO - [2024-11-16T11:41:28.205+0000] {dag.py:3229} INFO - Sync 1 DAGs
[2024-11-16T11:41:28.268+0000] {logging_mixin.py:190} INFO - [2024-11-16T11:41:28.268+0000] {dag.py:4156} INFO - Setting next_dagrun for spark_find_makers_dag to 2024-11-15 00:00:00+00:00, run_after=2024-11-16 00:00:00+00:00
[2024-11-16T11:41:28.308+0000] {processor.py:208} INFO - Processing /opt/airflow/dags/spark_sql_dag.py took 0.311 seconds
[2024-11-16T11:41:59.212+0000] {processor.py:186} INFO - Started process (PID=275) to work on /opt/airflow/dags/spark_sql_dag.py
[2024-11-16T11:41:59.214+0000] {processor.py:914} INFO - Processing file /opt/airflow/dags/spark_sql_dag.py for tasks to queue
[2024-11-16T11:41:59.223+0000] {logging_mixin.py:190} INFO - [2024-11-16T11:41:59.222+0000] {dagbag.py:587} INFO - Filling up the DagBag from /opt/airflow/dags/spark_sql_dag.py
[2024-11-16T11:41:59.257+0000] {processor.py:925} INFO - DAG(s) 'spark_find_makers_dag' retrieved from /opt/airflow/dags/spark_sql_dag.py
[2024-11-16T11:41:59.320+0000] {logging_mixin.py:190} INFO - [2024-11-16T11:41:59.319+0000] {dag.py:3229} INFO - Sync 1 DAGs
[2024-11-16T11:41:59.425+0000] {logging_mixin.py:190} INFO - [2024-11-16T11:41:59.424+0000] {dag.py:4156} INFO - Setting next_dagrun for spark_find_makers_dag to 2024-11-15 00:00:00+00:00, run_after=2024-11-16 00:00:00+00:00
[2024-11-16T11:41:59.661+0000] {processor.py:208} INFO - Processing /opt/airflow/dags/spark_sql_dag.py took 0.471 seconds
[2024-11-16T11:42:30.343+0000] {processor.py:186} INFO - Started process (PID=306) to work on /opt/airflow/dags/spark_sql_dag.py
[2024-11-16T11:42:30.349+0000] {processor.py:914} INFO - Processing file /opt/airflow/dags/spark_sql_dag.py for tasks to queue
[2024-11-16T11:42:30.380+0000] {logging_mixin.py:190} INFO - [2024-11-16T11:42:30.379+0000] {dagbag.py:587} INFO - Filling up the DagBag from /opt/airflow/dags/spark_sql_dag.py
[2024-11-16T11:42:30.488+0000] {processor.py:925} INFO - DAG(s) 'spark_find_makers_dag' retrieved from /opt/airflow/dags/spark_sql_dag.py
[2024-11-16T11:42:30.735+0000] {logging_mixin.py:190} INFO - [2024-11-16T11:42:30.733+0000] {dag.py:3229} INFO - Sync 1 DAGs
[2024-11-16T11:42:30.806+0000] {logging_mixin.py:190} INFO - [2024-11-16T11:42:30.806+0000] {dag.py:4156} INFO - Setting next_dagrun for spark_find_makers_dag to 2024-11-15 00:00:00+00:00, run_after=2024-11-16 00:00:00+00:00
[2024-11-16T11:42:30.859+0000] {processor.py:208} INFO - Processing /opt/airflow/dags/spark_sql_dag.py took 0.534 seconds
[2024-11-16T11:43:01.968+0000] {processor.py:186} INFO - Started process (PID=337) to work on /opt/airflow/dags/spark_sql_dag.py
[2024-11-16T11:43:01.971+0000] {processor.py:914} INFO - Processing file /opt/airflow/dags/spark_sql_dag.py for tasks to queue
[2024-11-16T11:43:01.981+0000] {logging_mixin.py:190} INFO - [2024-11-16T11:43:01.980+0000] {dagbag.py:587} INFO - Filling up the DagBag from /opt/airflow/dags/spark_sql_dag.py
[2024-11-16T11:43:02.041+0000] {processor.py:925} INFO - DAG(s) 'spark_find_makers_dag' retrieved from /opt/airflow/dags/spark_sql_dag.py
[2024-11-16T11:43:02.175+0000] {logging_mixin.py:190} INFO - [2024-11-16T11:43:02.174+0000] {dag.py:3229} INFO - Sync 1 DAGs
[2024-11-16T11:43:02.256+0000] {logging_mixin.py:190} INFO - [2024-11-16T11:43:02.256+0000] {dag.py:4156} INFO - Setting next_dagrun for spark_find_makers_dag to 2024-11-15 00:00:00+00:00, run_after=2024-11-16 00:00:00+00:00
[2024-11-16T11:43:02.430+0000] {processor.py:208} INFO - Processing /opt/airflow/dags/spark_sql_dag.py took 0.506 seconds
[2024-11-16T11:43:33.282+0000] {processor.py:186} INFO - Started process (PID=368) to work on /opt/airflow/dags/spark_sql_dag.py
[2024-11-16T11:43:33.288+0000] {processor.py:914} INFO - Processing file /opt/airflow/dags/spark_sql_dag.py for tasks to queue
[2024-11-16T11:43:33.301+0000] {logging_mixin.py:190} INFO - [2024-11-16T11:43:33.300+0000] {dagbag.py:587} INFO - Filling up the DagBag from /opt/airflow/dags/spark_sql_dag.py
[2024-11-16T11:43:33.391+0000] {processor.py:925} INFO - DAG(s) 'spark_find_makers_dag' retrieved from /opt/airflow/dags/spark_sql_dag.py
[2024-11-16T11:43:33.484+0000] {logging_mixin.py:190} INFO - [2024-11-16T11:43:33.483+0000] {dag.py:3229} INFO - Sync 1 DAGs
[2024-11-16T11:43:33.536+0000] {logging_mixin.py:190} INFO - [2024-11-16T11:43:33.536+0000] {dag.py:4156} INFO - Setting next_dagrun for spark_find_makers_dag to 2024-11-15 00:00:00+00:00, run_after=2024-11-16 00:00:00+00:00
[2024-11-16T11:43:33.603+0000] {processor.py:208} INFO - Processing /opt/airflow/dags/spark_sql_dag.py took 0.384 seconds
[2024-11-16T11:44:04.648+0000] {processor.py:186} INFO - Started process (PID=399) to work on /opt/airflow/dags/spark_sql_dag.py
[2024-11-16T11:44:04.650+0000] {processor.py:914} INFO - Processing file /opt/airflow/dags/spark_sql_dag.py for tasks to queue
[2024-11-16T11:44:04.658+0000] {logging_mixin.py:190} INFO - [2024-11-16T11:44:04.657+0000] {dagbag.py:587} INFO - Filling up the DagBag from /opt/airflow/dags/spark_sql_dag.py
[2024-11-16T11:44:04.681+0000] {processor.py:925} INFO - DAG(s) 'spark_find_makers_dag' retrieved from /opt/airflow/dags/spark_sql_dag.py
[2024-11-16T11:44:04.738+0000] {logging_mixin.py:190} INFO - [2024-11-16T11:44:04.737+0000] {dag.py:3229} INFO - Sync 1 DAGs
[2024-11-16T11:44:04.789+0000] {logging_mixin.py:190} INFO - [2024-11-16T11:44:04.789+0000] {dag.py:4156} INFO - Setting next_dagrun for spark_find_makers_dag to 2024-11-15 00:00:00+00:00, run_after=2024-11-16 00:00:00+00:00
[2024-11-16T11:44:04.809+0000] {processor.py:208} INFO - Processing /opt/airflow/dags/spark_sql_dag.py took 0.189 seconds
[2024-11-16T11:44:35.628+0000] {processor.py:186} INFO - Started process (PID=430) to work on /opt/airflow/dags/spark_sql_dag.py
[2024-11-16T11:44:35.633+0000] {processor.py:914} INFO - Processing file /opt/airflow/dags/spark_sql_dag.py for tasks to queue
[2024-11-16T11:44:35.656+0000] {logging_mixin.py:190} INFO - [2024-11-16T11:44:35.655+0000] {dagbag.py:587} INFO - Filling up the DagBag from /opt/airflow/dags/spark_sql_dag.py
[2024-11-16T11:44:35.719+0000] {processor.py:925} INFO - DAG(s) 'spark_find_makers_dag' retrieved from /opt/airflow/dags/spark_sql_dag.py
[2024-11-16T11:44:35.812+0000] {logging_mixin.py:190} INFO - [2024-11-16T11:44:35.811+0000] {dag.py:3229} INFO - Sync 1 DAGs
[2024-11-16T11:44:35.870+0000] {logging_mixin.py:190} INFO - [2024-11-16T11:44:35.870+0000] {dag.py:4156} INFO - Setting next_dagrun for spark_find_makers_dag to 2024-11-15 00:00:00+00:00, run_after=2024-11-16 00:00:00+00:00
[2024-11-16T11:44:38.569+0000] {processor.py:208} INFO - Processing /opt/airflow/dags/spark_sql_dag.py took 2.961 seconds
[2024-11-16T11:45:09.327+0000] {processor.py:186} INFO - Started process (PID=461) to work on /opt/airflow/dags/spark_sql_dag.py
[2024-11-16T11:45:09.332+0000] {processor.py:914} INFO - Processing file /opt/airflow/dags/spark_sql_dag.py for tasks to queue
[2024-11-16T11:45:09.345+0000] {logging_mixin.py:190} INFO - [2024-11-16T11:45:09.344+0000] {dagbag.py:587} INFO - Filling up the DagBag from /opt/airflow/dags/spark_sql_dag.py
[2024-11-16T11:45:09.478+0000] {processor.py:925} INFO - DAG(s) 'spark_find_makers_dag' retrieved from /opt/airflow/dags/spark_sql_dag.py
[2024-11-16T11:45:09.572+0000] {logging_mixin.py:190} INFO - [2024-11-16T11:45:09.571+0000] {dag.py:3229} INFO - Sync 1 DAGs
[2024-11-16T11:45:10.267+0000] {logging_mixin.py:190} INFO - [2024-11-16T11:45:10.263+0000] {dag.py:4156} INFO - Setting next_dagrun for spark_find_makers_dag to 2024-11-15 00:00:00+00:00, run_after=2024-11-16 00:00:00+00:00
[2024-11-16T11:45:10.407+0000] {processor.py:208} INFO - Processing /opt/airflow/dags/spark_sql_dag.py took 1.117 seconds
[2024-11-16T11:45:41.419+0000] {processor.py:186} INFO - Started process (PID=492) to work on /opt/airflow/dags/spark_sql_dag.py
[2024-11-16T11:45:41.430+0000] {processor.py:914} INFO - Processing file /opt/airflow/dags/spark_sql_dag.py for tasks to queue
[2024-11-16T11:45:41.446+0000] {logging_mixin.py:190} INFO - [2024-11-16T11:45:41.444+0000] {dagbag.py:587} INFO - Filling up the DagBag from /opt/airflow/dags/spark_sql_dag.py
[2024-11-16T11:45:41.485+0000] {processor.py:925} INFO - DAG(s) 'spark_find_makers_dag' retrieved from /opt/airflow/dags/spark_sql_dag.py
[2024-11-16T11:45:42.015+0000] {logging_mixin.py:190} INFO - [2024-11-16T11:45:42.013+0000] {dag.py:3229} INFO - Sync 1 DAGs
[2024-11-16T11:45:42.130+0000] {logging_mixin.py:190} INFO - [2024-11-16T11:45:42.129+0000] {dag.py:4156} INFO - Setting next_dagrun for spark_find_makers_dag to 2024-11-15 00:00:00+00:00, run_after=2024-11-16 00:00:00+00:00
[2024-11-16T11:45:42.361+0000] {processor.py:208} INFO - Processing /opt/airflow/dags/spark_sql_dag.py took 0.984 seconds
[2024-11-16T11:46:13.140+0000] {processor.py:186} INFO - Started process (PID=523) to work on /opt/airflow/dags/spark_sql_dag.py
[2024-11-16T11:46:13.143+0000] {processor.py:914} INFO - Processing file /opt/airflow/dags/spark_sql_dag.py for tasks to queue
[2024-11-16T11:46:13.148+0000] {logging_mixin.py:190} INFO - [2024-11-16T11:46:13.147+0000] {dagbag.py:587} INFO - Filling up the DagBag from /opt/airflow/dags/spark_sql_dag.py
[2024-11-16T11:46:13.727+0000] {processor.py:925} INFO - DAG(s) 'spark_find_makers_dag' retrieved from /opt/airflow/dags/spark_sql_dag.py
[2024-11-16T11:46:13.785+0000] {logging_mixin.py:190} INFO - [2024-11-16T11:46:13.784+0000] {dag.py:3229} INFO - Sync 1 DAGs
[2024-11-16T11:46:13.823+0000] {logging_mixin.py:190} INFO - [2024-11-16T11:46:13.823+0000] {dag.py:4156} INFO - Setting next_dagrun for spark_find_makers_dag to 2024-11-15 00:00:00+00:00, run_after=2024-11-16 00:00:00+00:00
[2024-11-16T11:46:13.838+0000] {processor.py:208} INFO - Processing /opt/airflow/dags/spark_sql_dag.py took 0.731 seconds
[2024-11-16T11:46:44.439+0000] {processor.py:186} INFO - Started process (PID=554) to work on /opt/airflow/dags/spark_sql_dag.py
[2024-11-16T11:46:44.442+0000] {processor.py:914} INFO - Processing file /opt/airflow/dags/spark_sql_dag.py for tasks to queue
[2024-11-16T11:46:44.450+0000] {logging_mixin.py:190} INFO - [2024-11-16T11:46:44.449+0000] {dagbag.py:587} INFO - Filling up the DagBag from /opt/airflow/dags/spark_sql_dag.py
[2024-11-16T11:46:44.489+0000] {processor.py:925} INFO - DAG(s) 'spark_find_makers_dag' retrieved from /opt/airflow/dags/spark_sql_dag.py
[2024-11-16T11:46:44.553+0000] {logging_mixin.py:190} INFO - [2024-11-16T11:46:44.553+0000] {dag.py:3229} INFO - Sync 1 DAGs
[2024-11-16T11:46:44.584+0000] {logging_mixin.py:190} INFO - [2024-11-16T11:46:44.584+0000] {dag.py:4156} INFO - Setting next_dagrun for spark_find_makers_dag to 2024-11-15 00:00:00+00:00, run_after=2024-11-16 00:00:00+00:00
[2024-11-16T11:46:44.605+0000] {processor.py:208} INFO - Processing /opt/airflow/dags/spark_sql_dag.py took 0.199 seconds
[2024-11-16T11:47:15.298+0000] {processor.py:186} INFO - Started process (PID=584) to work on /opt/airflow/dags/spark_sql_dag.py
[2024-11-16T11:47:15.301+0000] {processor.py:914} INFO - Processing file /opt/airflow/dags/spark_sql_dag.py for tasks to queue
[2024-11-16T11:47:15.309+0000] {logging_mixin.py:190} INFO - [2024-11-16T11:47:15.309+0000] {dagbag.py:587} INFO - Filling up the DagBag from /opt/airflow/dags/spark_sql_dag.py
[2024-11-16T11:47:15.344+0000] {processor.py:925} INFO - DAG(s) 'spark_find_makers_dag' retrieved from /opt/airflow/dags/spark_sql_dag.py
[2024-11-16T11:47:15.383+0000] {logging_mixin.py:190} INFO - [2024-11-16T11:47:15.383+0000] {dag.py:3229} INFO - Sync 1 DAGs
[2024-11-16T11:47:15.438+0000] {logging_mixin.py:190} INFO - [2024-11-16T11:47:15.438+0000] {dag.py:4156} INFO - Setting next_dagrun for spark_find_makers_dag to 2024-11-15 00:00:00+00:00, run_after=2024-11-16 00:00:00+00:00
[2024-11-16T11:47:15.531+0000] {processor.py:208} INFO - Processing /opt/airflow/dags/spark_sql_dag.py took 0.255 seconds
[2024-11-16T11:47:46.163+0000] {processor.py:186} INFO - Started process (PID=615) to work on /opt/airflow/dags/spark_sql_dag.py
[2024-11-16T11:47:46.175+0000] {processor.py:914} INFO - Processing file /opt/airflow/dags/spark_sql_dag.py for tasks to queue
[2024-11-16T11:47:46.192+0000] {logging_mixin.py:190} INFO - [2024-11-16T11:47:46.191+0000] {dagbag.py:587} INFO - Filling up the DagBag from /opt/airflow/dags/spark_sql_dag.py
[2024-11-16T11:47:46.217+0000] {processor.py:925} INFO - DAG(s) 'spark_find_makers_dag' retrieved from /opt/airflow/dags/spark_sql_dag.py
[2024-11-16T11:47:46.251+0000] {logging_mixin.py:190} INFO - [2024-11-16T11:47:46.250+0000] {dag.py:3229} INFO - Sync 1 DAGs
[2024-11-16T11:47:46.300+0000] {logging_mixin.py:190} INFO - [2024-11-16T11:47:46.300+0000] {dag.py:4156} INFO - Setting next_dagrun for spark_find_makers_dag to 2024-11-15 00:00:00+00:00, run_after=2024-11-16 00:00:00+00:00
[2024-11-16T11:47:46.354+0000] {processor.py:208} INFO - Processing /opt/airflow/dags/spark_sql_dag.py took 0.208 seconds
[2024-11-16T11:48:16.996+0000] {processor.py:186} INFO - Started process (PID=646) to work on /opt/airflow/dags/spark_sql_dag.py
[2024-11-16T11:48:16.999+0000] {processor.py:914} INFO - Processing file /opt/airflow/dags/spark_sql_dag.py for tasks to queue
[2024-11-16T11:48:17.005+0000] {logging_mixin.py:190} INFO - [2024-11-16T11:48:17.004+0000] {dagbag.py:587} INFO - Filling up the DagBag from /opt/airflow/dags/spark_sql_dag.py
[2024-11-16T11:48:17.028+0000] {processor.py:925} INFO - DAG(s) 'spark_find_makers_dag' retrieved from /opt/airflow/dags/spark_sql_dag.py
[2024-11-16T11:48:17.083+0000] {logging_mixin.py:190} INFO - [2024-11-16T11:48:17.083+0000] {dag.py:3229} INFO - Sync 1 DAGs
[2024-11-16T11:48:17.105+0000] {logging_mixin.py:190} INFO - [2024-11-16T11:48:17.104+0000] {dag.py:4156} INFO - Setting next_dagrun for spark_find_makers_dag to 2024-11-15 00:00:00+00:00, run_after=2024-11-16 00:00:00+00:00
[2024-11-16T11:48:17.129+0000] {processor.py:208} INFO - Processing /opt/airflow/dags/spark_sql_dag.py took 0.157 seconds
[2024-11-16T11:48:47.835+0000] {processor.py:186} INFO - Started process (PID=677) to work on /opt/airflow/dags/spark_sql_dag.py
[2024-11-16T11:48:47.837+0000] {processor.py:914} INFO - Processing file /opt/airflow/dags/spark_sql_dag.py for tasks to queue
[2024-11-16T11:48:47.851+0000] {logging_mixin.py:190} INFO - [2024-11-16T11:48:47.850+0000] {dagbag.py:587} INFO - Filling up the DagBag from /opt/airflow/dags/spark_sql_dag.py
[2024-11-16T11:48:47.881+0000] {processor.py:925} INFO - DAG(s) 'spark_find_makers_dag' retrieved from /opt/airflow/dags/spark_sql_dag.py
[2024-11-16T11:48:47.938+0000] {logging_mixin.py:190} INFO - [2024-11-16T11:48:47.937+0000] {dag.py:3229} INFO - Sync 1 DAGs
[2024-11-16T11:48:48.012+0000] {logging_mixin.py:190} INFO - [2024-11-16T11:48:48.012+0000] {dag.py:4156} INFO - Setting next_dagrun for spark_find_makers_dag to 2024-11-15 00:00:00+00:00, run_after=2024-11-16 00:00:00+00:00
[2024-11-16T11:48:48.209+0000] {processor.py:208} INFO - Processing /opt/airflow/dags/spark_sql_dag.py took 0.389 seconds
[2024-11-16T11:49:19.069+0000] {processor.py:186} INFO - Started process (PID=708) to work on /opt/airflow/dags/spark_sql_dag.py
[2024-11-16T11:49:19.071+0000] {processor.py:914} INFO - Processing file /opt/airflow/dags/spark_sql_dag.py for tasks to queue
[2024-11-16T11:49:19.084+0000] {logging_mixin.py:190} INFO - [2024-11-16T11:49:19.083+0000] {dagbag.py:587} INFO - Filling up the DagBag from /opt/airflow/dags/spark_sql_dag.py
[2024-11-16T11:49:19.106+0000] {processor.py:925} INFO - DAG(s) 'spark_find_makers_dag' retrieved from /opt/airflow/dags/spark_sql_dag.py
[2024-11-16T11:49:19.189+0000] {logging_mixin.py:190} INFO - [2024-11-16T11:49:19.187+0000] {dag.py:3229} INFO - Sync 1 DAGs
[2024-11-16T11:49:19.279+0000] {logging_mixin.py:190} INFO - [2024-11-16T11:49:19.278+0000] {dag.py:4156} INFO - Setting next_dagrun for spark_find_makers_dag to 2024-11-15 00:00:00+00:00, run_after=2024-11-16 00:00:00+00:00
[2024-11-16T11:49:19.405+0000] {processor.py:208} INFO - Processing /opt/airflow/dags/spark_sql_dag.py took 0.366 seconds
[2024-11-16T11:49:50.344+0000] {processor.py:186} INFO - Started process (PID=739) to work on /opt/airflow/dags/spark_sql_dag.py
[2024-11-16T11:49:50.351+0000] {processor.py:914} INFO - Processing file /opt/airflow/dags/spark_sql_dag.py for tasks to queue
[2024-11-16T11:49:50.360+0000] {logging_mixin.py:190} INFO - [2024-11-16T11:49:50.359+0000] {dagbag.py:587} INFO - Filling up the DagBag from /opt/airflow/dags/spark_sql_dag.py
[2024-11-16T11:49:50.429+0000] {processor.py:925} INFO - DAG(s) 'spark_find_makers_dag' retrieved from /opt/airflow/dags/spark_sql_dag.py
[2024-11-16T11:49:50.634+0000] {logging_mixin.py:190} INFO - [2024-11-16T11:49:50.633+0000] {dag.py:3229} INFO - Sync 1 DAGs
[2024-11-16T11:49:50.759+0000] {logging_mixin.py:190} INFO - [2024-11-16T11:49:50.759+0000] {dag.py:4156} INFO - Setting next_dagrun for spark_find_makers_dag to 2024-11-15 00:00:00+00:00, run_after=2024-11-16 00:00:00+00:00
[2024-11-16T11:49:50.925+0000] {processor.py:208} INFO - Processing /opt/airflow/dags/spark_sql_dag.py took 0.651 seconds
[2024-11-16T11:50:21.875+0000] {processor.py:186} INFO - Started process (PID=770) to work on /opt/airflow/dags/spark_sql_dag.py
[2024-11-16T11:50:21.888+0000] {processor.py:914} INFO - Processing file /opt/airflow/dags/spark_sql_dag.py for tasks to queue
[2024-11-16T11:50:21.892+0000] {logging_mixin.py:190} INFO - [2024-11-16T11:50:21.892+0000] {dagbag.py:587} INFO - Filling up the DagBag from /opt/airflow/dags/spark_sql_dag.py
[2024-11-16T11:50:21.915+0000] {processor.py:925} INFO - DAG(s) 'spark_find_makers_dag' retrieved from /opt/airflow/dags/spark_sql_dag.py
[2024-11-16T11:50:21.967+0000] {logging_mixin.py:190} INFO - [2024-11-16T11:50:21.966+0000] {dag.py:3229} INFO - Sync 1 DAGs
[2024-11-16T11:50:22.000+0000] {logging_mixin.py:190} INFO - [2024-11-16T11:50:22.000+0000] {dag.py:4156} INFO - Setting next_dagrun for spark_find_makers_dag to 2024-11-15 00:00:00+00:00, run_after=2024-11-16 00:00:00+00:00
[2024-11-16T11:50:22.028+0000] {processor.py:208} INFO - Processing /opt/airflow/dags/spark_sql_dag.py took 0.166 seconds
[2024-11-16T11:50:52.948+0000] {processor.py:186} INFO - Started process (PID=801) to work on /opt/airflow/dags/spark_sql_dag.py
[2024-11-16T11:50:52.951+0000] {processor.py:914} INFO - Processing file /opt/airflow/dags/spark_sql_dag.py for tasks to queue
[2024-11-16T11:50:52.969+0000] {logging_mixin.py:190} INFO - [2024-11-16T11:50:52.964+0000] {dagbag.py:587} INFO - Filling up the DagBag from /opt/airflow/dags/spark_sql_dag.py
[2024-11-16T11:50:53.011+0000] {processor.py:925} INFO - DAG(s) 'spark_find_makers_dag' retrieved from /opt/airflow/dags/spark_sql_dag.py
[2024-11-16T11:50:53.091+0000] {logging_mixin.py:190} INFO - [2024-11-16T11:50:53.090+0000] {dag.py:3229} INFO - Sync 1 DAGs
[2024-11-16T11:50:53.147+0000] {logging_mixin.py:190} INFO - [2024-11-16T11:50:53.147+0000] {dag.py:4156} INFO - Setting next_dagrun for spark_find_makers_dag to 2024-11-15 00:00:00+00:00, run_after=2024-11-16 00:00:00+00:00
[2024-11-16T11:50:53.176+0000] {processor.py:208} INFO - Processing /opt/airflow/dags/spark_sql_dag.py took 0.243 seconds
[2024-11-16T11:51:23.755+0000] {processor.py:186} INFO - Started process (PID=833) to work on /opt/airflow/dags/spark_sql_dag.py
[2024-11-16T11:51:23.760+0000] {processor.py:914} INFO - Processing file /opt/airflow/dags/spark_sql_dag.py for tasks to queue
[2024-11-16T11:51:23.763+0000] {logging_mixin.py:190} INFO - [2024-11-16T11:51:23.762+0000] {dagbag.py:587} INFO - Filling up the DagBag from /opt/airflow/dags/spark_sql_dag.py
[2024-11-16T11:51:23.784+0000] {processor.py:925} INFO - DAG(s) 'spark_find_makers_dag' retrieved from /opt/airflow/dags/spark_sql_dag.py
[2024-11-16T11:51:23.824+0000] {logging_mixin.py:190} INFO - [2024-11-16T11:51:23.824+0000] {dag.py:3229} INFO - Sync 1 DAGs
[2024-11-16T11:51:23.869+0000] {logging_mixin.py:190} INFO - [2024-11-16T11:51:23.869+0000] {dag.py:4156} INFO - Setting next_dagrun for spark_find_makers_dag to 2024-11-15 00:00:00+00:00, run_after=2024-11-16 00:00:00+00:00
[2024-11-16T11:51:23.985+0000] {processor.py:208} INFO - Processing /opt/airflow/dags/spark_sql_dag.py took 0.250 seconds
[2024-11-16T11:51:54.615+0000] {processor.py:186} INFO - Started process (PID=864) to work on /opt/airflow/dags/spark_sql_dag.py
[2024-11-16T11:51:54.618+0000] {processor.py:914} INFO - Processing file /opt/airflow/dags/spark_sql_dag.py for tasks to queue
[2024-11-16T11:51:54.622+0000] {logging_mixin.py:190} INFO - [2024-11-16T11:51:54.622+0000] {dagbag.py:587} INFO - Filling up the DagBag from /opt/airflow/dags/spark_sql_dag.py
[2024-11-16T11:51:54.671+0000] {processor.py:925} INFO - DAG(s) 'spark_find_makers_dag' retrieved from /opt/airflow/dags/spark_sql_dag.py
[2024-11-16T11:51:54.732+0000] {logging_mixin.py:190} INFO - [2024-11-16T11:51:54.732+0000] {dag.py:3229} INFO - Sync 1 DAGs
[2024-11-16T11:51:54.758+0000] {logging_mixin.py:190} INFO - [2024-11-16T11:51:54.758+0000] {dag.py:4156} INFO - Setting next_dagrun for spark_find_makers_dag to 2024-11-15 00:00:00+00:00, run_after=2024-11-16 00:00:00+00:00
[2024-11-16T11:51:54.775+0000] {processor.py:208} INFO - Processing /opt/airflow/dags/spark_sql_dag.py took 0.174 seconds
