[2024-11-16T11:40:23.492+0000] {manager.py:486} INFO - Processing files using up to 2 processes at a time 
[2024-11-16T11:40:23.494+0000] {manager.py:487} INFO - Process each file at most once every 30 seconds
[2024-11-16T11:40:23.494+0000] {manager.py:488} INFO - Checking for new files in /opt/airflow/dags every 300 seconds
[2024-11-16T11:40:23.496+0000] {manager.py:832} INFO - Searching for files in /opt/airflow/dags
[2024-11-16T11:40:23.530+0000] {manager.py:835} INFO - There are 5 files in /opt/airflow/dags
[2024-11-16T11:40:23.923+0000] {manager.py:1008} INFO - 
================================================================================
DAG File Processing Stats

File Path                                  PID  Runtime      # DAGs    # Errors  Last Runtime    Last Run      Last # of DB Queries
---------------------------------------  -----  ---------  --------  ----------  --------------  ----------  ----------------------
/opt/airflow/dags/s3_dag.py                                       0           0                                                   0
/opt/airflow/dags/simple_dag.py            179  0.13s             0           0                                                   0
/opt/airflow/dags/spark_sql_dag.py         176  0.18s             0           0                                                   0
/opt/airflow/dags/first_dag.py                                    0           0                                                   0
/opt/airflow/dags/air_price_pred_dag.py                           0           0                                                   0
================================================================================
[2024-11-16T11:40:26.202+0000] {manager.py:1157} ERROR - Processor for /opt/airflow/dags/s3_dag.py exited with return code 1.
[2024-11-16T11:40:54.295+0000] {manager.py:1008} INFO - 
================================================================================
DAG File Processing Stats

File Path                                PID    Runtime      # DAGs    # Errors  Last Runtime    Last Run               Last # of DB Queries
---------------------------------------  -----  ---------  --------  ----------  --------------  -------------------  ----------------------
/opt/airflow/dags/spark_sql_dag.py                                1           0  1.68s           2024-11-16T11:40:25                      45
/opt/airflow/dags/simple_dag.py                                   1           0  1.64s           2024-11-16T11:40:25                      45
/opt/airflow/dags/first_dag.py                                    1           0  0.91s           2024-11-16T11:40:26                      45
/opt/airflow/dags/air_price_pred_dag.py                           1           0  0.68s           2024-11-16T11:40:26                      45
/opt/airflow/dags/s3_dag.py                                       0          -1  0.30s           2024-11-16T11:40:26                       0
================================================================================
[2024-11-16T11:40:57.386+0000] {manager.py:1157} ERROR - Processor for /opt/airflow/dags/s3_dag.py exited with return code 1.
[2024-11-16T11:41:24.880+0000] {manager.py:1008} INFO - 
================================================================================
DAG File Processing Stats

File Path                                PID    Runtime      # DAGs    # Errors  Last Runtime    Last Run               Last # of DB Queries
---------------------------------------  -----  ---------  --------  ----------  --------------  -------------------  ----------------------
/opt/airflow/dags/spark_sql_dag.py                                1           0  0.94s           2024-11-16T11:40:57                      12
/opt/airflow/dags/simple_dag.py                                   1           0  0.83s           2024-11-16T11:40:57                      12
/opt/airflow/dags/first_dag.py                                    1           0  0.11s           2024-11-16T11:40:57                      12
/opt/airflow/dags/air_price_pred_dag.py                           1           0  0.11s           2024-11-16T11:40:57                      12
/opt/airflow/dags/s3_dag.py                                       0          -1  0.09s           2024-11-16T11:40:57                       0
================================================================================
[2024-11-16T11:41:28.429+0000] {manager.py:1157} ERROR - Processor for /opt/airflow/dags/s3_dag.py exited with return code 1.
[2024-11-16T11:41:55.025+0000] {manager.py:1008} INFO - 
================================================================================
DAG File Processing Stats

File Path                                PID    Runtime      # DAGs    # Errors  Last Runtime    Last Run               Last # of DB Queries
---------------------------------------  -----  ---------  --------  ----------  --------------  -------------------  ----------------------
/opt/airflow/dags/spark_sql_dag.py                                1           0  0.40s           2024-11-16T11:41:28                      12
/opt/airflow/dags/simple_dag.py                                   1           0  0.34s           2024-11-16T11:41:28                      12
/opt/airflow/dags/first_dag.py                                    1           0  0.10s           2024-11-16T11:41:28                      12
/opt/airflow/dags/air_price_pred_dag.py                           1           0  0.10s           2024-11-16T11:41:28                      12
/opt/airflow/dags/s3_dag.py                                       0          -1  0.09s           2024-11-16T11:41:28                       0
================================================================================
[2024-11-16T11:41:59.784+0000] {manager.py:1157} ERROR - Processor for /opt/airflow/dags/s3_dag.py exited with return code 1.
[2024-11-16T11:42:25.178+0000] {manager.py:1008} INFO - 
================================================================================
DAG File Processing Stats

File Path                                PID    Runtime      # DAGs    # Errors  Last Runtime    Last Run               Last # of DB Queries
---------------------------------------  -----  ---------  --------  ----------  --------------  -------------------  ----------------------
/opt/airflow/dags/spark_sql_dag.py                                1           0  0.62s           2024-11-16T11:41:59                      12
/opt/airflow/dags/simple_dag.py                                   1           0  0.54s           2024-11-16T11:41:59                      12
/opt/airflow/dags/first_dag.py                                    1           0  0.17s           2024-11-16T11:41:59                      12
/opt/airflow/dags/air_price_pred_dag.py                           1           0  0.16s           2024-11-16T11:41:59                      12
/opt/airflow/dags/s3_dag.py                                       0          -1  0.07s           2024-11-16T11:41:59                       0
================================================================================
[2024-11-16T11:42:31.040+0000] {manager.py:1157} ERROR - Processor for /opt/airflow/dags/s3_dag.py exited with return code 1.
[2024-11-16T11:42:55.725+0000] {manager.py:1008} INFO - 
================================================================================
DAG File Processing Stats

File Path                                PID    Runtime      # DAGs    # Errors  Last Runtime    Last Run               Last # of DB Queries
---------------------------------------  -----  ---------  --------  ----------  --------------  -------------------  ----------------------
/opt/airflow/dags/spark_sql_dag.py                                1           0  0.62s           2024-11-16T11:42:30                      12
/opt/airflow/dags/simple_dag.py                                   1           0  0.57s           2024-11-16T11:42:30                      12
/opt/airflow/dags/air_price_pred_dag.py                           1           0  0.21s           2024-11-16T11:42:31                      12
/opt/airflow/dags/first_dag.py                                    1           0  0.19s           2024-11-16T11:42:31                      12
/opt/airflow/dags/s3_dag.py                                       0          -1  0.13s           2024-11-16T11:42:31                       0
================================================================================
[2024-11-16T11:43:02.536+0000] {manager.py:1157} ERROR - Processor for /opt/airflow/dags/s3_dag.py exited with return code 1.
[2024-11-16T11:43:25.950+0000] {manager.py:1008} INFO - 
================================================================================
DAG File Processing Stats

File Path                                PID    Runtime      # DAGs    # Errors  Last Runtime    Last Run               Last # of DB Queries
---------------------------------------  -----  ---------  --------  ----------  --------------  -------------------  ----------------------
/opt/airflow/dags/spark_sql_dag.py                                1           0  0.60s           2024-11-16T11:43:02                      12
/opt/airflow/dags/simple_dag.py                                   1           0  0.51s           2024-11-16T11:43:02                      12
/opt/airflow/dags/first_dag.py                                    1           0  0.16s           2024-11-16T11:43:02                      12
/opt/airflow/dags/air_price_pred_dag.py                           1           0  0.13s           2024-11-16T11:43:02                      12
/opt/airflow/dags/s3_dag.py                                       0          -1  0.11s           2024-11-16T11:43:02                       0
================================================================================
[2024-11-16T11:43:33.980+0000] {manager.py:1157} ERROR - Processor for /opt/airflow/dags/s3_dag.py exited with return code 1.
[2024-11-16T11:43:56.336+0000] {manager.py:1008} INFO - 
================================================================================
DAG File Processing Stats

File Path                                PID    Runtime      # DAGs    # Errors  Last Runtime    Last Run               Last # of DB Queries
---------------------------------------  -----  ---------  --------  ----------  --------------  -------------------  ----------------------
/opt/airflow/dags/spark_sql_dag.py                                1           0  0.57s           2024-11-16T11:43:33                      12
/opt/airflow/dags/simple_dag.py                                   1           0  0.41s           2024-11-16T11:43:33                      12
/opt/airflow/dags/s3_dag.py                                       0          -1  0.33s           2024-11-16T11:43:33                       0
/opt/airflow/dags/first_dag.py                                    1           0  0.33s           2024-11-16T11:43:34                      12
/opt/airflow/dags/air_price_pred_dag.py                           1           0  0.31s           2024-11-16T11:43:34                      12
================================================================================
[2024-11-16T11:44:04.897+0000] {manager.py:1157} ERROR - Processor for /opt/airflow/dags/s3_dag.py exited with return code 1.
[2024-11-16T11:44:26.378+0000] {manager.py:1008} INFO - 
================================================================================
DAG File Processing Stats

File Path                                PID    Runtime      # DAGs    # Errors  Last Runtime    Last Run               Last # of DB Queries
---------------------------------------  -----  ---------  --------  ----------  --------------  -------------------  ----------------------
/opt/airflow/dags/spark_sql_dag.py                                1           0  0.31s           2024-11-16T11:44:04                      12
/opt/airflow/dags/simple_dag.py                                   1           0  0.21s           2024-11-16T11:44:04                      12
/opt/airflow/dags/first_dag.py                                    1           0  0.10s           2024-11-16T11:44:04                      12
/opt/airflow/dags/s3_dag.py                                       0          -1  0.07s           2024-11-16T11:44:04                       0
/opt/airflow/dags/air_price_pred_dag.py                           1           0  0.06s           2024-11-16T11:44:04                      12
================================================================================
[2024-11-16T11:44:39.326+0000] {manager.py:1157} ERROR - Processor for /opt/airflow/dags/s3_dag.py exited with return code 1.
[2024-11-16T11:44:56.799+0000] {manager.py:1008} INFO - 
================================================================================
DAG File Processing Stats

File Path                                PID    Runtime      # DAGs    # Errors  Last Runtime    Last Run               Last # of DB Queries
---------------------------------------  -----  ---------  --------  ----------  --------------  -------------------  ----------------------
/opt/airflow/dags/spark_sql_dag.py                                1           0  3.17s           2024-11-16T11:44:38                      12
/opt/airflow/dags/simple_dag.py                                   1           0  3.08s           2024-11-16T11:44:38                      12
/opt/airflow/dags/first_dag.py                                    1           0  2.00s           2024-11-16T11:44:40                      12
/opt/airflow/dags/air_price_pred_dag.py                           1           0  1.35s           2024-11-16T11:44:40                      12
/opt/airflow/dags/s3_dag.py                                       0          -1  0.58s           2024-11-16T11:44:39                       0
================================================================================
[2024-11-16T11:45:10.692+0000] {manager.py:1157} ERROR - Processor for /opt/airflow/dags/s3_dag.py exited with return code 1.
[2024-11-16T11:45:23.841+0000] {manager.py:832} INFO - Searching for files in /opt/airflow/dags
[2024-11-16T11:45:23.866+0000] {manager.py:835} INFO - There are 5 files in /opt/airflow/dags
[2024-11-16T11:45:26.967+0000] {manager.py:1008} INFO - 
================================================================================
DAG File Processing Stats

File Path                                PID    Runtime      # DAGs    # Errors  Last Runtime    Last Run               Last # of DB Queries
---------------------------------------  -----  ---------  --------  ----------  --------------  -------------------  ----------------------
/opt/airflow/dags/spark_sql_dag.py                                1           0  1.43s           2024-11-16T11:45:10                      12
/opt/airflow/dags/simple_dag.py                                   1           0  1.31s           2024-11-16T11:45:10                      12
/opt/airflow/dags/first_dag.py                                    1           0  1.00s           2024-11-16T11:45:12                      12
/opt/airflow/dags/air_price_pred_dag.py                           1           0  0.90s           2024-11-16T11:45:12                      12
/opt/airflow/dags/s3_dag.py                                       0          -1  0.19s           2024-11-16T11:45:10                       0
================================================================================
[2024-11-16T11:45:42.642+0000] {manager.py:1157} ERROR - Processor for /opt/airflow/dags/s3_dag.py exited with return code 1.
[2024-11-16T11:45:57.816+0000] {manager.py:1008} INFO - 
================================================================================
DAG File Processing Stats

File Path                                PID    Runtime      # DAGs    # Errors  Last Runtime    Last Run               Last # of DB Queries
---------------------------------------  -----  ---------  --------  ----------  --------------  -------------------  ----------------------
/opt/airflow/dags/spark_sql_dag.py                                1           0  1.22s           2024-11-16T11:45:42                      12
/opt/airflow/dags/first_dag.py                                    1           0  1.11s           2024-11-16T11:45:44                      12
/opt/airflow/dags/simple_dag.py                                   1           0  1.11s           2024-11-16T11:45:42                      12
/opt/airflow/dags/air_price_pred_dag.py                           1           0  1.10s           2024-11-16T11:45:44                      12
/opt/airflow/dags/s3_dag.py                                       0          -1  0.17s           2024-11-16T11:45:42                       0
================================================================================
[2024-11-16T11:46:14.397+0000] {manager.py:1157} ERROR - Processor for /opt/airflow/dags/s3_dag.py exited with return code 1.
[2024-11-16T11:46:28.097+0000] {manager.py:1008} INFO - 
================================================================================
DAG File Processing Stats

File Path                                PID    Runtime      # DAGs    # Errors  Last Runtime    Last Run               Last # of DB Queries
---------------------------------------  -----  ---------  --------  ----------  --------------  -------------------  ----------------------
/opt/airflow/dags/spark_sql_dag.py                                1           0  0.85s           2024-11-16T11:46:13                      12
/opt/airflow/dags/first_dag.py                                    1           0  0.83s           2024-11-16T11:46:16                      12
/opt/airflow/dags/air_price_pred_dag.py                           1           0  0.80s           2024-11-16T11:46:15                      12
/opt/airflow/dags/simple_dag.py                                   1           0  0.80s           2024-11-16T11:46:13                      12
/opt/airflow/dags/s3_dag.py                                       0          -1  0.50s           2024-11-16T11:46:14                       0
================================================================================
[2024-11-16T11:46:44.687+0000] {manager.py:1157} ERROR - Processor for /opt/airflow/dags/s3_dag.py exited with return code 1.
[2024-11-16T11:46:58.968+0000] {manager.py:1008} INFO - 
================================================================================
DAG File Processing Stats

File Path                                PID    Runtime      # DAGs    # Errors  Last Runtime    Last Run               Last # of DB Queries
---------------------------------------  -----  ---------  --------  ----------  --------------  -------------------  ----------------------
/opt/airflow/dags/spark_sql_dag.py                                1           0  0.30s           2024-11-16T11:46:44                      12
/opt/airflow/dags/simple_dag.py                                   1           0  0.22s           2024-11-16T11:46:44                      12
/opt/airflow/dags/first_dag.py                                    1           0  0.17s           2024-11-16T11:46:46                      12
/opt/airflow/dags/air_price_pred_dag.py                           1           0  0.12s           2024-11-16T11:46:46                      12
/opt/airflow/dags/s3_dag.py                                       0          -1  0.07s           2024-11-16T11:46:44                       0
================================================================================
[2024-11-16T11:47:15.649+0000] {manager.py:1157} ERROR - Processor for /opt/airflow/dags/s3_dag.py exited with return code 1.
[2024-11-16T11:47:29.867+0000] {manager.py:1008} INFO - 
================================================================================
DAG File Processing Stats

File Path                                PID    Runtime      # DAGs    # Errors  Last Runtime    Last Run               Last # of DB Queries
---------------------------------------  -----  ---------  --------  ----------  --------------  -------------------  ----------------------
/opt/airflow/dags/spark_sql_dag.py                                1           0  0.37s           2024-11-16T11:47:15                      12
/opt/airflow/dags/simple_dag.py                                   1           0  0.28s           2024-11-16T11:47:15                      12
/opt/airflow/dags/first_dag.py                                    1           0  0.23s           2024-11-16T11:47:17                      12
/opt/airflow/dags/air_price_pred_dag.py                           1           0  0.18s           2024-11-16T11:47:17                      12
/opt/airflow/dags/s3_dag.py                                       0          -1  0.11s           2024-11-16T11:47:15                       0
================================================================================
[2024-11-16T11:47:46.518+0000] {manager.py:1157} ERROR - Processor for /opt/airflow/dags/s3_dag.py exited with return code 1.
[2024-11-16T11:48:00.695+0000] {manager.py:1008} INFO - 
================================================================================
DAG File Processing Stats

File Path                                PID    Runtime      # DAGs    # Errors  Last Runtime    Last Run               Last # of DB Queries
---------------------------------------  -----  ---------  --------  ----------  --------------  -------------------  ----------------------
/opt/airflow/dags/first_dag.py                                    1           0  0.37s           2024-11-16T11:47:48                      12
/opt/airflow/dags/air_price_pred_dag.py                           1           0  0.34s           2024-11-16T11:47:48                      12
/opt/airflow/dags/spark_sql_dag.py                                1           0  0.32s           2024-11-16T11:47:46                      12
/opt/airflow/dags/simple_dag.py                                   1           0  0.24s           2024-11-16T11:47:46                      12
/opt/airflow/dags/s3_dag.py                                       0          -1  0.14s           2024-11-16T11:47:46                       0
================================================================================
[2024-11-16T11:48:17.218+0000] {manager.py:1157} ERROR - Processor for /opt/airflow/dags/s3_dag.py exited with return code 1.
[2024-11-16T11:48:31.500+0000] {manager.py:1008} INFO - 
================================================================================
DAG File Processing Stats

File Path                                PID    Runtime      # DAGs    # Errors  Last Runtime    Last Run               Last # of DB Queries
---------------------------------------  -----  ---------  --------  ----------  --------------  -------------------  ----------------------
/opt/airflow/dags/first_dag.py                                    1           0  0.28s           2024-11-16T11:48:19                      12
/opt/airflow/dags/spark_sql_dag.py                                1           0  0.25s           2024-11-16T11:48:17                      12
/opt/airflow/dags/air_price_pred_dag.py                           1           0  0.19s           2024-11-16T11:48:19                      12
/opt/airflow/dags/simple_dag.py                                   1           0  0.18s           2024-11-16T11:48:17                      12
/opt/airflow/dags/s3_dag.py                                       0          -1  0.07s           2024-11-16T11:48:17                       0
================================================================================
[2024-11-16T11:48:48.296+0000] {manager.py:1157} ERROR - Processor for /opt/airflow/dags/s3_dag.py exited with return code 1.
[2024-11-16T11:49:01.616+0000] {manager.py:1008} INFO - 
================================================================================
DAG File Processing Stats

File Path                                PID    Runtime      # DAGs    # Errors  Last Runtime    Last Run               Last # of DB Queries
---------------------------------------  -----  ---------  --------  ----------  --------------  -------------------  ----------------------
/opt/airflow/dags/spark_sql_dag.py                                1           0  0.48s           2024-11-16T11:48:48                      12
/opt/airflow/dags/simple_dag.py                                   1           0  0.41s           2024-11-16T11:48:48                      12
/opt/airflow/dags/first_dag.py                                    1           0  0.22s           2024-11-16T11:48:50                      12
/opt/airflow/dags/air_price_pred_dag.py                           1           0  0.19s           2024-11-16T11:48:50                      12
/opt/airflow/dags/s3_dag.py                                       0          -1  0.07s           2024-11-16T11:48:48                       0
================================================================================
[2024-11-16T11:49:19.473+0000] {manager.py:1157} ERROR - Processor for /opt/airflow/dags/s3_dag.py exited with return code 1.
[2024-11-16T11:49:31.772+0000] {manager.py:1008} INFO - 
================================================================================
DAG File Processing Stats

File Path                                PID    Runtime      # DAGs    # Errors  Last Runtime    Last Run               Last # of DB Queries
---------------------------------------  -----  ---------  --------  ----------  --------------  -------------------  ----------------------
/opt/airflow/dags/spark_sql_dag.py                                1           0  0.51s           2024-11-16T11:49:19                      12
/opt/airflow/dags/simple_dag.py                                   1           0  0.39s           2024-11-16T11:49:19                      12
/opt/airflow/dags/first_dag.py                                    1           0  0.24s           2024-11-16T11:49:21                      12
/opt/airflow/dags/air_price_pred_dag.py                           1           0  0.19s           2024-11-16T11:49:21                      12
/opt/airflow/dags/s3_dag.py                                       0          -1  0.06s           2024-11-16T11:49:19                       0
================================================================================
[2024-11-16T11:49:51.356+0000] {manager.py:1157} ERROR - Processor for /opt/airflow/dags/s3_dag.py exited with return code 1.
[2024-11-16T11:50:01.833+0000] {manager.py:1008} INFO - 
================================================================================
DAG File Processing Stats

File Path                                PID    Runtime      # DAGs    # Errors  Last Runtime    Last Run               Last # of DB Queries
---------------------------------------  -----  ---------  --------  ----------  --------------  -------------------  ----------------------
/opt/airflow/dags/first_dag.py                                    1           0  1.90s           2024-11-16T11:49:54                      12
/opt/airflow/dags/air_price_pred_dag.py                           1           0  1.89s           2024-11-16T11:49:54                      12
/opt/airflow/dags/spark_sql_dag.py                                1           0  0.88s           2024-11-16T11:49:51                      12
/opt/airflow/dags/simple_dag.py                                   1           0  0.77s           2024-11-16T11:49:51                      12
/opt/airflow/dags/s3_dag.py                                       0          -1  0.28s           2024-11-16T11:49:51                       0
================================================================================
[2024-11-16T11:50:22.085+0000] {manager.py:1157} ERROR - Processor for /opt/airflow/dags/s3_dag.py exited with return code 1.
[2024-11-16T11:50:24.209+0000] {manager.py:832} INFO - Searching for files in /opt/airflow/dags
[2024-11-16T11:50:24.279+0000] {manager.py:835} INFO - There are 5 files in /opt/airflow/dags
[2024-11-16T11:50:31.883+0000] {manager.py:1008} INFO - 
================================================================================
DAG File Processing Stats

File Path                                PID    Runtime      # DAGs    # Errors  Last Runtime    Last Run               Last # of DB Queries
---------------------------------------  -----  ---------  --------  ----------  --------------  -------------------  ----------------------
/opt/airflow/dags/first_dag.py                                    1           0  0.43s           2024-11-16T11:50:24                      12
/opt/airflow/dags/air_price_pred_dag.py                           1           0  0.30s           2024-11-16T11:50:24                      12
/opt/airflow/dags/spark_sql_dag.py                                1           0  0.22s           2024-11-16T11:50:22                      12
/opt/airflow/dags/simple_dag.py                                   1           0  0.19s           2024-11-16T11:50:22                      12
/opt/airflow/dags/s3_dag.py                                       0          -1  0.04s           2024-11-16T11:50:22                       0
================================================================================
[2024-11-16T11:50:53.250+0000] {manager.py:1157} ERROR - Processor for /opt/airflow/dags/s3_dag.py exited with return code 1.
[2024-11-16T11:51:02.427+0000] {manager.py:1008} INFO - 
================================================================================
DAG File Processing Stats

File Path                                PID    Runtime      # DAGs    # Errors  Last Runtime    Last Run               Last # of DB Queries
---------------------------------------  -----  ---------  --------  ----------  --------------  -------------------  ----------------------
/opt/airflow/dags/spark_sql_dag.py                                1           0  0.34s           2024-11-16T11:50:53                      12
/opt/airflow/dags/simple_dag.py                                   1           0  0.29s           2024-11-16T11:50:53                      12
/opt/airflow/dags/first_dag.py                                    1           0  0.19s           2024-11-16T11:50:55                      12
/opt/airflow/dags/air_price_pred_dag.py                           1           0  0.16s           2024-11-16T11:50:55                      12
/opt/airflow/dags/s3_dag.py                                       0          -1  0.04s           2024-11-16T11:50:53                       0
================================================================================
[2024-11-16T11:51:24.091+0000] {manager.py:1157} ERROR - Processor for /opt/airflow/dags/s3_dag.py exited with return code 1.
[2024-11-16T11:51:33.218+0000] {manager.py:1008} INFO - 
================================================================================
DAG File Processing Stats

File Path                                PID    Runtime      # DAGs    # Errors  Last Runtime    Last Run               Last # of DB Queries
---------------------------------------  -----  ---------  --------  ----------  --------------  -------------------  ----------------------
/opt/airflow/dags/spark_sql_dag.py                                1           0  0.34s           2024-11-16T11:51:23                      12
/opt/airflow/dags/simple_dag.py                                   1           0  0.26s           2024-11-16T11:51:23                      12
/opt/airflow/dags/first_dag.py                                    1           0  0.23s           2024-11-16T11:51:26                      12
/opt/airflow/dags/air_price_pred_dag.py                           1           0  0.21s           2024-11-16T11:51:26                      12
/opt/airflow/dags/s3_dag.py                                       0          -1  0.11s           2024-11-16T11:51:24                       0
================================================================================
[2024-11-16T11:51:54.846+0000] {manager.py:1157} ERROR - Processor for /opt/airflow/dags/s3_dag.py exited with return code 1.
[2024-11-16T11:52:03.956+0000] {manager.py:1008} INFO - 
================================================================================
DAG File Processing Stats

File Path                                PID    Runtime      # DAGs    # Errors  Last Runtime    Last Run               Last # of DB Queries
---------------------------------------  -----  ---------  --------  ----------  --------------  -------------------  ----------------------
/opt/airflow/dags/spark_sql_dag.py                                1           0  0.27s           2024-11-16T11:51:54                      12
/opt/airflow/dags/first_dag.py                                    1           0  0.21s           2024-11-16T11:51:57                      12
/opt/airflow/dags/simple_dag.py                                   1           0  0.20s           2024-11-16T11:51:54                      12
/opt/airflow/dags/air_price_pred_dag.py                           1           0  0.18s           2024-11-16T11:51:57                      12
/opt/airflow/dags/s3_dag.py                                       0          -1  0.06s           2024-11-16T11:51:54                       0
================================================================================
[2024-11-16T11:52:13.119+0000] {manager.py:486} INFO - Processing files using up to 2 processes at a time 
[2024-11-16T11:52:13.120+0000] {manager.py:487} INFO - Process each file at most once every 30 seconds
[2024-11-16T11:52:13.121+0000] {manager.py:488} INFO - Checking for new files in /opt/airflow/dags every 300 seconds
[2024-11-16T11:52:13.122+0000] {manager.py:832} INFO - Searching for files in /opt/airflow/dags
[2024-11-16T11:52:13.125+0000] {manager.py:835} INFO - There are 0 files in /opt/airflow/dags
[2024-11-16T11:57:13.223+0000] {manager.py:832} INFO - Searching for files in /opt/airflow/dags
[2024-11-16T11:57:13.242+0000] {manager.py:835} INFO - There are 0 files in /opt/airflow/dags
[2024-11-16T12:02:13.326+0000] {manager.py:832} INFO - Searching for files in /opt/airflow/dags
[2024-11-16T12:02:13.341+0000] {manager.py:835} INFO - There are 0 files in /opt/airflow/dags
[2024-11-16T12:07:14.088+0000] {manager.py:832} INFO - Searching for files in /opt/airflow/dags
[2024-11-16T12:07:14.098+0000] {manager.py:835} INFO - There are 0 files in /opt/airflow/dags
[2024-11-16T12:12:14.883+0000] {manager.py:832} INFO - Searching for files in /opt/airflow/dags
[2024-11-16T12:12:14.896+0000] {manager.py:835} INFO - There are 0 files in /opt/airflow/dags
[2024-11-16T12:17:14.935+0000] {manager.py:832} INFO - Searching for files in /opt/airflow/dags
[2024-11-16T12:17:14.949+0000] {manager.py:835} INFO - There are 0 files in /opt/airflow/dags
[2024-11-16T12:22:15.362+0000] {manager.py:832} INFO - Searching for files in /opt/airflow/dags
[2024-11-16T12:22:15.375+0000] {manager.py:835} INFO - There are 0 files in /opt/airflow/dags
[2024-11-16T12:27:16.083+0000] {manager.py:832} INFO - Searching for files in /opt/airflow/dags
[2024-11-16T12:27:16.093+0000] {manager.py:835} INFO - There are 0 files in /opt/airflow/dags
[2024-11-16T12:32:16.214+0000] {manager.py:832} INFO - Searching for files in /opt/airflow/dags
[2024-11-16T12:32:16.234+0000] {manager.py:835} INFO - There are 0 files in /opt/airflow/dags
[2024-11-16T12:37:16.846+0000] {manager.py:832} INFO - Searching for files in /opt/airflow/dags
[2024-11-16T12:37:16.859+0000] {manager.py:835} INFO - There are 0 files in /opt/airflow/dags
[2024-11-16T12:42:16.849+0000] {manager.py:832} INFO - Searching for files in /opt/airflow/dags
[2024-11-16T12:42:16.858+0000] {manager.py:835} INFO - There are 0 files in /opt/airflow/dags
[2024-11-16T12:47:17.655+0000] {manager.py:832} INFO - Searching for files in /opt/airflow/dags
[2024-11-16T12:47:17.664+0000] {manager.py:835} INFO - There are 0 files in /opt/airflow/dags
[2024-11-16T12:52:17.657+0000] {manager.py:832} INFO - Searching for files in /opt/airflow/dags
[2024-11-16T12:52:17.668+0000] {manager.py:835} INFO - There are 0 files in /opt/airflow/dags
[2024-11-16T12:57:18.174+0000] {manager.py:832} INFO - Searching for files in /opt/airflow/dags
[2024-11-16T12:57:18.184+0000] {manager.py:835} INFO - There are 0 files in /opt/airflow/dags
[2024-11-16T13:02:18.625+0000] {manager.py:832} INFO - Searching for files in /opt/airflow/dags
[2024-11-16T13:02:18.633+0000] {manager.py:835} INFO - There are 0 files in /opt/airflow/dags
[2024-11-16T13:07:19.154+0000] {manager.py:832} INFO - Searching for files in /opt/airflow/dags
[2024-11-16T13:07:19.165+0000] {manager.py:835} INFO - There are 0 files in /opt/airflow/dags
[2024-11-16T13:12:19.743+0000] {manager.py:832} INFO - Searching for files in /opt/airflow/dags
[2024-11-16T13:12:19.754+0000] {manager.py:835} INFO - There are 0 files in /opt/airflow/dags
